0 verbose cli C:\Program Files\nodejs\node.exe C:\Program Files\nodejs\node_modules\npm\bin\npm-cli.js
1 info using npm@10.8.2
2 info using node@v20.17.0
3 silly config load:file:C:\Program Files\nodejs\node_modules\npm\npmrc
4 silly config load:file:D:\Documents\Github\RiseAcademy Backend\CaseFiles API\.npmrc
5 silly config load:file:C:\Users\hussa\.npmrc
6 silly config load:file:C:\Users\hussa\AppData\Roaming\npm\etc\npmrc
7 verbose title npm install dotenv
8 verbose argv "install" "dotenv"
9 verbose logfile logs-max:10 dir:D:\Documents\Github\RiseAcademy Backend\CaseFiles API\npm-cache\_logs\2025-04-03T10_22_43_831Z-
10 verbose logfile D:\Documents\Github\RiseAcademy Backend\CaseFiles API\npm-cache\_logs\2025-04-03T10_22_43_831Z-debug-0.log
11 silly packumentCache heap:2197815296 maxSize:549453824 maxEntrySize:274726912
12 silly logfile done cleaning log files
13 silly idealTree buildDeps
14 silly fetch manifest dotenv@*
15 silly packumentCache full:https://registry.npmjs.org/dotenv cache-miss
16 http fetch GET 200 https://registry.npmjs.org/dotenv 3055ms (cache miss)
17 silly packumentCache full:https://registry.npmjs.org/dotenv set size:undefined disposed:false
18 silly placeDep ROOT dotenv@16.4.7 OK for: casefiles-api@1.0.0 want: *
19 silly reify moves {}
20 silly audit bulk request {
20 silly audit   '@apidevtools/json-schema-ref-parser': [ '9.1.2' ],
20 silly audit   '@apidevtools/openapi-schemas': [ '2.1.0' ],
20 silly audit   '@apidevtools/swagger-methods': [ '3.0.2' ],
20 silly audit   '@apidevtools/swagger-parser': [ '10.0.3' ],
20 silly audit   '@isaacs/cliui': [ '8.0.2' ],
20 silly audit   '@jsdevtools/ono': [ '7.1.3' ],
20 silly audit   '@one-ini/wasm': [ '0.1.1' ],
20 silly audit   '@pkgjs/parseargs': [ '0.11.0' ],
20 silly audit   '@scarf/scarf': [ '1.4.0' ],
20 silly audit   '@types/debug': [ '4.1.12' ],
20 silly audit   '@types/json-schema': [ '7.0.15' ],
20 silly audit   '@types/ms': [ '2.1.0' ],
20 silly audit   '@types/node': [ '22.14.0' ],
20 silly audit   '@types/validator': [ '13.12.3' ],
20 silly audit   abbrev: [ '2.0.0' ],
20 silly audit   accepts: [ '2.0.0' ],
20 silly audit   'ansi-regex': [ '6.1.0', '5.0.1' ],
20 silly audit   'ansi-styles': [ '6.2.1', '4.3.0' ],
20 silly audit   argparse: [ '2.0.1' ],
20 silly audit   'at-least-node': [ '1.0.0' ],
20 silly audit   'balanced-match': [ '1.0.2' ],
20 silly audit   bluebird: [ '3.7.2' ],
20 silly audit   'body-parser': [ '2.2.0' ],
20 silly audit   'brace-expansion': [ '2.0.1', '1.1.11' ],
20 silly audit   bytes: [ '3.1.2' ],
20 silly audit   'call-bind-apply-helpers': [ '1.0.2' ],
20 silly audit   'call-bound': [ '1.0.4' ],
20 silly audit   'call-me-maybe': [ '1.0.2' ],
20 silly audit   'cli-color': [ '2.0.4' ],
20 silly audit   cliui: [ '7.0.4' ],
20 silly audit   'emoji-regex': [ '8.0.0', '9.2.2' ],
20 silly audit   'string-width': [ '4.2.3', '5.1.2' ],
20 silly audit   'strip-ansi': [ '6.0.1', '7.1.0' ],
20 silly audit   'wrap-ansi': [ '7.0.0', '8.1.0' ],
20 silly audit   'color-convert': [ '2.0.1' ],
20 silly audit   'color-name': [ '1.1.4' ],
20 silly audit   commander: [ '10.0.1', '6.2.0', '9.5.0' ],
20 silly audit   'concat-map': [ '0.0.1' ],
20 silly audit   'config-chain': [ '1.1.13' ],
20 silly audit   'content-disposition': [ '1.0.0' ],
20 silly audit   'content-type': [ '1.0.5' ],
20 silly audit   cookie: [ '0.7.2' ],
20 silly audit   'cookie-signature': [ '1.2.2' ],
20 silly audit   'cross-spawn': [ '7.0.6' ],
20 silly audit   d: [ '1.0.2' ],
20 silly audit   debug: [ '4.4.0' ],
20 silly audit   depd: [ '2.0.0' ],
20 silly audit   doctrine: [ '3.0.0' ],
20 silly audit   dottie: [ '2.0.6' ],
20 silly audit   'dunder-proto': [ '1.0.1' ],
20 silly audit   eastasianwidth: [ '0.2.0' ],
20 silly audit   editorconfig: [ '1.0.4' ],
20 silly audit   'ee-first': [ '1.1.1' ],
20 silly audit   encodeurl: [ '2.0.0' ],
20 silly audit   'es-define-property': [ '1.0.1' ],
20 silly audit   'es-errors': [ '1.3.0' ],
20 silly audit   'es-object-atoms': [ '1.1.1' ],
20 silly audit   'es5-ext': [ '0.10.64' ],
20 silly audit   'es6-iterator': [ '2.0.3' ],
20 silly audit   'es6-symbol': [ '3.1.4' ],
20 silly audit   'es6-weak-map': [ '2.0.3' ],
20 silly audit   escalade: [ '3.2.0' ],
20 silly audit   'escape-html': [ '1.0.3' ],
20 silly audit   esniff: [ '2.0.1' ],
20 silly audit   esutils: [ '2.0.3' ],
20 silly audit   etag: [ '1.8.1' ],
20 silly audit   'event-emitter': [ '0.3.5' ],
20 silly audit   express: [ '5.1.0' ],
20 silly audit   ext: [ '1.7.0' ],
20 silly audit   finalhandler: [ '2.1.0' ],
20 silly audit   'foreground-child': [ '3.3.1' ],
20 silly audit   forwarded: [ '0.2.0' ],
20 silly audit   fresh: [ '2.0.0' ],
20 silly audit   'fs-extra': [ '9.1.0' ],
20 silly audit   'fs.realpath': [ '1.0.0' ],
20 silly audit   'function-bind': [ '1.1.2' ],
20 silly audit   'get-caller-file': [ '2.0.5' ],
20 silly audit   'get-intrinsic': [ '1.3.0' ],
20 silly audit   'get-proto': [ '1.0.1' ],
20 silly audit   glob: [ '10.4.5', '7.1.6' ],
20 silly audit   minimatch: [ '9.0.5', '9.0.1', '3.1.2' ],
20 silly audit   gopd: [ '1.2.0' ],
20 silly audit   'graceful-fs': [ '4.2.11' ],
20 silly audit   'has-symbols': [ '1.1.0' ],
20 silly audit   hasown: [ '2.0.2' ],
20 silly audit   'http-errors': [ '2.0.0' ],
20 silly audit   'iconv-lite': [ '0.6.3' ],
20 silly audit   inflection: [ '1.13.4' ],
20 silly audit   inflight: [ '1.0.6' ],
20 silly audit   inherits: [ '2.0.4' ],
20 silly audit   ini: [ '1.3.8' ],
20 silly audit   'ipaddr.js': [ '1.9.1' ],
20 silly audit   'is-core-module': [ '2.16.1' ],
20 silly audit   'is-fullwidth-code-point': [ '3.0.0' ],
20 silly audit   'is-promise': [ '2.2.2', '4.0.0' ],
20 silly audit   isexe: [ '2.0.0' ],
20 silly audit   jackspeak: [ '3.4.3' ],
20 silly audit   'js-beautify': [ '1.15.4' ],
20 silly audit   'js-cookie': [ '3.0.5' ],
20 silly audit   'js-yaml': [ '4.1.0' ],
20 silly audit   jsonfile: [ '6.1.0' ],
20 silly audit   lodash: [ '4.17.21' ],
20 silly audit   'lodash.get': [ '4.4.2' ],
20 silly audit   'lodash.isequal': [ '4.5.0' ],
20 silly audit   'lodash.mergewith': [ '4.6.2' ],
20 silly audit   'lru-cache': [ '10.4.3' ],
20 silly audit   'lru-queue': [ '0.1.0' ],
20 silly audit   'math-intrinsics': [ '1.1.0' ],
20 silly audit   'media-typer': [ '1.1.0' ],
20 silly audit   memoizee: [ '0.4.17' ],
20 silly audit   'merge-descriptors': [ '2.0.0' ],
20 silly audit   'mime-db': [ '1.54.0' ],
20 silly audit   'mime-types': [ '3.0.1' ],
20 silly audit   minipass: [ '7.1.2' ],
20 silly audit   moment: [ '2.30.1' ],
20 silly audit   'moment-timezone': [ '0.5.48' ],
20 silly audit   ms: [ '2.1.3' ],
20 silly audit   negotiator: [ '1.0.0' ],
20 silly audit   'next-tick': [ '1.1.0' ],
20 silly audit   nopt: [ '7.2.1' ],
20 silly audit   'object-inspect': [ '1.13.4' ],
20 silly audit   'on-finished': [ '2.4.1' ],
20 silly audit   once: [ '1.4.0' ],
20 silly audit   'openapi-types': [ '12.1.3' ],
20 silly audit   'package-json-from-dist': [ '1.0.1' ],
20 silly audit   parseurl: [ '1.3.3' ],
20 silly audit   'path-is-absolute': [ '1.0.1' ],
20 silly audit   'path-key': [ '3.1.1' ],
20 silly audit   'path-parse': [ '1.0.7' ],
20 silly audit   'path-scurry': [ '1.11.1' ],
20 silly audit   'path-to-regexp': [ '8.2.0' ],
20 silly audit   'pg-connection-string': [ '2.7.0' ],
20 silly audit   'proto-list': [ '1.2.4' ],
20 silly audit   'proxy-addr': [ '2.0.7' ],
20 silly audit   qs: [ '6.14.0' ],
20 silly audit   'range-parser': [ '1.2.1' ],
20 silly audit   'raw-body': [ '3.0.0' ],
20 silly audit   'require-directory': [ '2.1.1' ],
20 silly audit   resolve: [ '1.22.10' ],
20 silly audit   'retry-as-promised': [ '7.1.1' ],
20 silly audit   router: [ '2.2.0' ],
20 silly audit   'safe-buffer': [ '5.2.1' ],
20 silly audit   'safer-buffer': [ '2.1.2' ],
20 silly audit   semver: [ '7.7.1' ],
20 silly audit   send: [ '1.2.0' ],
20 silly audit   sequelize: [ '6.37.7' ],
20 silly audit   'sequelize-cli': [ '6.6.2' ],
20 silly audit   'sequelize-pool': [ '7.1.0' ],
20 silly audit   'serve-static': [ '2.2.0' ],
20 silly audit   setprototypeof: [ '1.2.0' ],
20 silly audit   'shebang-command': [ '2.0.0' ],
20 silly audit   'shebang-regex': [ '3.0.0' ],
20 silly audit   'side-channel': [ '1.1.0' ],
20 silly audit   'side-channel-list': [ '1.0.0' ],
20 silly audit   'side-channel-map': [ '1.0.1' ],
20 silly audit   'side-channel-weakmap': [ '1.0.2' ],
20 silly audit   'signal-exit': [ '4.1.0' ],
20 silly audit   statuses: [ '2.0.1' ],
20 silly audit   'supports-preserve-symlinks-flag': [ '1.0.0' ],
20 silly audit   'swagger-jsdoc': [ '6.2.8' ],
20 silly audit   'swagger-parser': [ '10.0.3' ],
20 silly audit   'swagger-ui-dist': [ '5.20.4' ],
20 silly audit   'swagger-ui-express': [ '5.0.1' ],
20 silly audit   'timers-ext': [ '0.1.8' ],
20 silly audit   toidentifier: [ '1.0.1' ],
20 silly audit   'toposort-class': [ '1.0.1' ],
20 silly audit   type: [ '2.7.3' ],
20 silly audit   'type-is': [ '2.0.1' ],
20 silly audit   umzug: [ '2.3.0' ],
20 silly audit   'undici-types': [ '6.21.0' ],
20 silly audit   universalify: [ '2.0.1' ],
20 silly audit   unpipe: [ '1.0.0' ],
20 silly audit   uuid: [ '8.3.2' ],
20 silly audit   validator: [ '13.15.0' ],
20 silly audit   vary: [ '1.1.2' ],
20 silly audit   which: [ '2.0.2' ],
20 silly audit   wkx: [ '0.5.0' ],
20 silly audit   wrappy: [ '1.0.2' ],
20 silly audit   y18n: [ '5.0.8' ],
20 silly audit   yaml: [ '2.0.0-1' ],
20 silly audit   yargs: [ '16.2.0' ],
20 silly audit   'yargs-parser': [ '20.2.9' ],
20 silly audit   'z-schema': [ '5.0.5' ],
20 silly audit   dotenv: [ '16.4.7' ]
20 silly audit }
21 silly tarball no local data for dotenv@https://registry.npmjs.org/dotenv/-/dotenv-16.4.7.tgz. Extracting by manifest.
22 http fetch POST 200 https://registry.npmjs.org/-/npm/v1/security/advisories/bulk 428ms
23 silly audit report {}
24 http fetch GET 200 https://registry.npmjs.org/dotenv/-/dotenv-16.4.7.tgz 1412ms (cache miss)
25 silly ADD node_modules/dotenv
26 verbose cwd D:\Documents\Github\RiseAcademy Backend\CaseFiles API
27 verbose os Windows_NT 10.0.22000
28 verbose node v20.17.0
29 verbose npm  v10.8.2
30 verbose exit 0
31 info ok
