0 verbose cli C:\Program Files\nodejs\node.exe C:\Program Files\nodejs\node_modules\npm\bin\npm-cli.js
1 info using npm@10.8.2
2 info using node@v20.17.0
3 silly config load:file:C:\Program Files\nodejs\node_modules\npm\npmrc
4 silly config load:file:D:\Documents\Github\RiseAcademy Backend\CaseFiles API\.npmrc
5 silly config load:file:C:\Users\hussa\.npmrc
6 silly config load:file:C:\Users\hussa\AppData\Roaming\npm\etc\npmrc
7 verbose title npm install pg
8 verbose argv "install" "pg"
9 verbose logfile logs-max:10 dir:D:\Documents\Github\RiseAcademy Backend\CaseFiles API\npm-cache\_logs\2025-04-03T10_23_37_773Z-
10 verbose logfile D:\Documents\Github\RiseAcademy Backend\CaseFiles API\npm-cache\_logs\2025-04-03T10_23_37_773Z-debug-0.log
11 silly packumentCache heap:2197815296 maxSize:549453824 maxEntrySize:274726912
12 silly logfile done cleaning log files
13 silly idealTree buildDeps
14 silly fetch manifest pg@*
15 silly packumentCache full:https://registry.npmjs.org/pg cache-miss
16 http fetch GET 200 https://registry.npmjs.org/pg 3309ms (cache miss)
17 silly packumentCache full:https://registry.npmjs.org/pg set size:undefined disposed:false
18 silly fetch manifest pg-native@>=3.0.1
19 silly packumentCache full:https://registry.npmjs.org/pg-native cache-miss
20 http fetch GET 200 https://registry.npmjs.org/pg-native 991ms (cache miss)
21 silly packumentCache full:https://registry.npmjs.org/pg-native set size:undefined disposed:false
22 silly placeDep ROOT pg@8.14.1 OK for: casefiles-api@1.0.0 want: *
23 silly fetch manifest pg-pool@^3.8.0
24 silly packumentCache full:https://registry.npmjs.org/pg-pool cache-miss
25 silly fetch manifest pg-protocol@^1.8.0
26 silly packumentCache full:https://registry.npmjs.org/pg-protocol cache-miss
27 silly fetch manifest pg-types@^2.1.0
28 silly packumentCache full:https://registry.npmjs.org/pg-types cache-miss
29 silly fetch manifest pgpass@1.x
30 silly packumentCache full:https://registry.npmjs.org/pgpass cache-miss
31 silly fetch manifest pg-cloudflare@^1.1.1
32 silly packumentCache full:https://registry.npmjs.org/pg-cloudflare cache-miss
33 http fetch GET 200 https://registry.npmjs.org/pg-cloudflare 1151ms (cache miss)
34 silly packumentCache full:https://registry.npmjs.org/pg-cloudflare set size:undefined disposed:false
35 http fetch GET 200 https://registry.npmjs.org/pg-pool 1158ms (cache miss)
36 silly packumentCache full:https://registry.npmjs.org/pg-pool set size:undefined disposed:false
37 http fetch GET 200 https://registry.npmjs.org/pg-types 1341ms (cache miss)
38 silly packumentCache full:https://registry.npmjs.org/pg-types set size:undefined disposed:false
39 http fetch GET 200 https://registry.npmjs.org/pg-protocol 1522ms (cache miss)
40 silly packumentCache full:https://registry.npmjs.org/pg-protocol set size:undefined disposed:false
41 http fetch GET 200 https://registry.npmjs.org/pgpass 2175ms (cache miss)
42 silly packumentCache full:https://registry.npmjs.org/pgpass set size:undefined disposed:false
43 silly fetch manifest pg@>=8.0
44 silly packumentCache full:https://registry.npmjs.org/pg cache-miss
45 http fetch GET 200 https://registry.npmjs.org/pg 19ms (cache hit)
46 silly packumentCache full:https://registry.npmjs.org/pg set size:436350 disposed:false
47 silly placeDep ROOT pg-cloudflare@1.1.1 OK for: pg@8.14.1 want: ^1.1.1
48 silly placeDep ROOT pg-pool@3.8.0 OK for: pg@8.14.1 want: ^3.8.0
49 silly placeDep ROOT pg-protocol@1.8.0 OK for: pg@8.14.1 want: ^1.8.0
50 silly placeDep ROOT pg-types@2.2.0 OK for: pg@8.14.1 want: ^2.1.0
51 silly placeDep ROOT pgpass@1.0.5 OK for: pg@8.14.1 want: 1.x
52 silly fetch manifest pg-int8@1.0.1
53 silly packumentCache full:https://registry.npmjs.org/pg-int8 cache-miss
54 silly fetch manifest postgres-array@~2.0.0
55 silly packumentCache full:https://registry.npmjs.org/postgres-array cache-miss
56 silly fetch manifest postgres-bytea@~1.0.0
57 silly packumentCache full:https://registry.npmjs.org/postgres-bytea cache-miss
58 silly fetch manifest postgres-date@~1.0.4
59 silly packumentCache full:https://registry.npmjs.org/postgres-date cache-miss
60 silly fetch manifest postgres-interval@^1.1.0
61 silly packumentCache full:https://registry.npmjs.org/postgres-interval cache-miss
62 silly fetch manifest split2@^4.1.0
63 silly packumentCache full:https://registry.npmjs.org/split2 cache-miss
64 http fetch GET 200 https://registry.npmjs.org/postgres-bytea 274ms (cache miss)
65 silly packumentCache full:https://registry.npmjs.org/postgres-bytea set size:undefined disposed:false
66 http fetch GET 200 https://registry.npmjs.org/postgres-interval 516ms (cache miss)
67 silly packumentCache full:https://registry.npmjs.org/postgres-interval set size:undefined disposed:false
68 http fetch GET 200 https://registry.npmjs.org/postgres-date 862ms (cache miss)
69 silly packumentCache full:https://registry.npmjs.org/postgres-date set size:undefined disposed:false
70 http fetch GET 200 https://registry.npmjs.org/pg-int8 910ms (cache miss)
71 silly packumentCache full:https://registry.npmjs.org/pg-int8 set size:undefined disposed:false
72 http fetch GET 200 https://registry.npmjs.org/split2 915ms (cache miss)
73 silly packumentCache full:https://registry.npmjs.org/split2 set size:undefined disposed:false
74 http fetch GET 200 https://registry.npmjs.org/postgres-array 1165ms (cache miss)
75 silly packumentCache full:https://registry.npmjs.org/postgres-array set size:undefined disposed:false
76 silly placeDep ROOT pg-int8@1.0.1 OK for: pg-types@2.2.0 want: 1.0.1
77 silly placeDep ROOT postgres-array@2.0.0 OK for: pg-types@2.2.0 want: ~2.0.0
78 silly placeDep ROOT postgres-bytea@1.0.0 OK for: pg-types@2.2.0 want: ~1.0.0
79 silly placeDep ROOT postgres-date@1.0.7 OK for: pg-types@2.2.0 want: ~1.0.4
80 silly placeDep ROOT postgres-interval@1.2.0 OK for: pg-types@2.2.0 want: ^1.1.0
81 silly fetch manifest xtend@^4.0.0
82 silly packumentCache full:https://registry.npmjs.org/xtend cache-miss
83 http fetch GET 200 https://registry.npmjs.org/xtend 308ms (cache miss)
84 silly packumentCache full:https://registry.npmjs.org/xtend set size:undefined disposed:false
85 silly placeDep ROOT split2@4.2.0 OK for: pgpass@1.0.5 want: ^4.1.0
86 silly placeDep ROOT xtend@4.0.2 OK for: postgres-interval@1.2.0 want: ^4.0.0
87 silly reify moves {}
88 silly audit bulk request {
88 silly audit   '@apidevtools/json-schema-ref-parser': [ '9.1.2' ],
88 silly audit   '@apidevtools/openapi-schemas': [ '2.1.0' ],
88 silly audit   '@apidevtools/swagger-methods': [ '3.0.2' ],
88 silly audit   '@apidevtools/swagger-parser': [ '10.0.3' ],
88 silly audit   '@isaacs/cliui': [ '8.0.2' ],
88 silly audit   '@jsdevtools/ono': [ '7.1.3' ],
88 silly audit   '@one-ini/wasm': [ '0.1.1' ],
88 silly audit   '@pkgjs/parseargs': [ '0.11.0' ],
88 silly audit   '@scarf/scarf': [ '1.4.0' ],
88 silly audit   '@types/debug': [ '4.1.12' ],
88 silly audit   '@types/json-schema': [ '7.0.15' ],
88 silly audit   '@types/ms': [ '2.1.0' ],
88 silly audit   '@types/node': [ '22.14.0' ],
88 silly audit   '@types/validator': [ '13.12.3' ],
88 silly audit   abbrev: [ '2.0.0' ],
88 silly audit   accepts: [ '2.0.0' ],
88 silly audit   'ansi-regex': [ '6.1.0', '5.0.1' ],
88 silly audit   'ansi-styles': [ '6.2.1', '4.3.0' ],
88 silly audit   argparse: [ '2.0.1' ],
88 silly audit   'at-least-node': [ '1.0.0' ],
88 silly audit   'balanced-match': [ '1.0.2' ],
88 silly audit   bluebird: [ '3.7.2' ],
88 silly audit   'body-parser': [ '2.2.0' ],
88 silly audit   'brace-expansion': [ '2.0.1', '1.1.11' ],
88 silly audit   bytes: [ '3.1.2' ],
88 silly audit   'call-bind-apply-helpers': [ '1.0.2' ],
88 silly audit   'call-bound': [ '1.0.4' ],
88 silly audit   'call-me-maybe': [ '1.0.2' ],
88 silly audit   'cli-color': [ '2.0.4' ],
88 silly audit   cliui: [ '7.0.4' ],
88 silly audit   'emoji-regex': [ '8.0.0', '9.2.2' ],
88 silly audit   'string-width': [ '4.2.3', '5.1.2' ],
88 silly audit   'strip-ansi': [ '6.0.1', '7.1.0' ],
88 silly audit   'wrap-ansi': [ '7.0.0', '8.1.0' ],
88 silly audit   'color-convert': [ '2.0.1' ],
88 silly audit   'color-name': [ '1.1.4' ],
88 silly audit   commander: [ '10.0.1', '6.2.0', '9.5.0' ],
88 silly audit   'concat-map': [ '0.0.1' ],
88 silly audit   'config-chain': [ '1.1.13' ],
88 silly audit   'content-disposition': [ '1.0.0' ],
88 silly audit   'content-type': [ '1.0.5' ],
88 silly audit   cookie: [ '0.7.2' ],
88 silly audit   'cookie-signature': [ '1.2.2' ],
88 silly audit   'cross-spawn': [ '7.0.6' ],
88 silly audit   d: [ '1.0.2' ],
88 silly audit   debug: [ '4.4.0' ],
88 silly audit   depd: [ '2.0.0' ],
88 silly audit   doctrine: [ '3.0.0' ],
88 silly audit   dotenv: [ '16.4.7' ],
88 silly audit   dottie: [ '2.0.6' ],
88 silly audit   'dunder-proto': [ '1.0.1' ],
88 silly audit   eastasianwidth: [ '0.2.0' ],
88 silly audit   editorconfig: [ '1.0.4' ],
88 silly audit   'ee-first': [ '1.1.1' ],
88 silly audit   encodeurl: [ '2.0.0' ],
88 silly audit   'es-define-property': [ '1.0.1' ],
88 silly audit   'es-errors': [ '1.3.0' ],
88 silly audit   'es-object-atoms': [ '1.1.1' ],
88 silly audit   'es5-ext': [ '0.10.64' ],
88 silly audit   'es6-iterator': [ '2.0.3' ],
88 silly audit   'es6-symbol': [ '3.1.4' ],
88 silly audit   'es6-weak-map': [ '2.0.3' ],
88 silly audit   escalade: [ '3.2.0' ],
88 silly audit   'escape-html': [ '1.0.3' ],
88 silly audit   esniff: [ '2.0.1' ],
88 silly audit   esutils: [ '2.0.3' ],
88 silly audit   etag: [ '1.8.1' ],
88 silly audit   'event-emitter': [ '0.3.5' ],
88 silly audit   express: [ '5.1.0' ],
88 silly audit   ext: [ '1.7.0' ],
88 silly audit   finalhandler: [ '2.1.0' ],
88 silly audit   'foreground-child': [ '3.3.1' ],
88 silly audit   forwarded: [ '0.2.0' ],
88 silly audit   fresh: [ '2.0.0' ],
88 silly audit   'fs-extra': [ '9.1.0' ],
88 silly audit   'fs.realpath': [ '1.0.0' ],
88 silly audit   'function-bind': [ '1.1.2' ],
88 silly audit   'get-caller-file': [ '2.0.5' ],
88 silly audit   'get-intrinsic': [ '1.3.0' ],
88 silly audit   'get-proto': [ '1.0.1' ],
88 silly audit   glob: [ '10.4.5', '7.1.6' ],
88 silly audit   minimatch: [ '9.0.5', '9.0.1', '3.1.2' ],
88 silly audit   gopd: [ '1.2.0' ],
88 silly audit   'graceful-fs': [ '4.2.11' ],
88 silly audit   'has-symbols': [ '1.1.0' ],
88 silly audit   hasown: [ '2.0.2' ],
88 silly audit   'http-errors': [ '2.0.0' ],
88 silly audit   'iconv-lite': [ '0.6.3' ],
88 silly audit   inflection: [ '1.13.4' ],
88 silly audit   inflight: [ '1.0.6' ],
88 silly audit   inherits: [ '2.0.4' ],
88 silly audit   ini: [ '1.3.8' ],
88 silly audit   'ipaddr.js': [ '1.9.1' ],
88 silly audit   'is-core-module': [ '2.16.1' ],
88 silly audit   'is-fullwidth-code-point': [ '3.0.0' ],
88 silly audit   'is-promise': [ '2.2.2', '4.0.0' ],
88 silly audit   isexe: [ '2.0.0' ],
88 silly audit   jackspeak: [ '3.4.3' ],
88 silly audit   'js-beautify': [ '1.15.4' ],
88 silly audit   'js-cookie': [ '3.0.5' ],
88 silly audit   'js-yaml': [ '4.1.0' ],
88 silly audit   jsonfile: [ '6.1.0' ],
88 silly audit   lodash: [ '4.17.21' ],
88 silly audit   'lodash.get': [ '4.4.2' ],
88 silly audit   'lodash.isequal': [ '4.5.0' ],
88 silly audit   'lodash.mergewith': [ '4.6.2' ],
88 silly audit   'lru-cache': [ '10.4.3' ],
88 silly audit   'lru-queue': [ '0.1.0' ],
88 silly audit   'math-intrinsics': [ '1.1.0' ],
88 silly audit   'media-typer': [ '1.1.0' ],
88 silly audit   memoizee: [ '0.4.17' ],
88 silly audit   'merge-descriptors': [ '2.0.0' ],
88 silly audit   'mime-db': [ '1.54.0' ],
88 silly audit   'mime-types': [ '3.0.1' ],
88 silly audit   minipass: [ '7.1.2' ],
88 silly audit   moment: [ '2.30.1' ],
88 silly audit   'moment-timezone': [ '0.5.48' ],
88 silly audit   ms: [ '2.1.3' ],
88 silly audit   negotiator: [ '1.0.0' ],
88 silly audit   'next-tick': [ '1.1.0' ],
88 silly audit   nopt: [ '7.2.1' ],
88 silly audit   'object-inspect': [ '1.13.4' ],
88 silly audit   'on-finished': [ '2.4.1' ],
88 silly audit   once: [ '1.4.0' ],
88 silly audit   'openapi-types': [ '12.1.3' ],
88 silly audit   'package-json-from-dist': [ '1.0.1' ],
88 silly audit   parseurl: [ '1.3.3' ],
88 silly audit   'path-is-absolute': [ '1.0.1' ],
88 silly audit   'path-key': [ '3.1.1' ],
88 silly audit   'path-parse': [ '1.0.7' ],
88 silly audit   'path-scurry': [ '1.11.1' ],
88 silly audit   'path-to-regexp': [ '8.2.0' ],
88 silly audit   'pg-connection-string': [ '2.7.0' ],
88 silly audit   'proto-list': [ '1.2.4' ],
88 silly audit   'proxy-addr': [ '2.0.7' ],
88 silly audit   qs: [ '6.14.0' ],
88 silly audit   'range-parser': [ '1.2.1' ],
88 silly audit   'raw-body': [ '3.0.0' ],
88 silly audit   'require-directory': [ '2.1.1' ],
88 silly audit   resolve: [ '1.22.10' ],
88 silly audit   'retry-as-promised': [ '7.1.1' ],
88 silly audit   router: [ '2.2.0' ],
88 silly audit   'safe-buffer': [ '5.2.1' ],
88 silly audit   'safer-buffer': [ '2.1.2' ],
88 silly audit   semver: [ '7.7.1' ],
88 silly audit   send: [ '1.2.0' ],
88 silly audit   sequelize: [ '6.37.7' ],
88 silly audit   'sequelize-cli': [ '6.6.2' ],
88 silly audit   'sequelize-pool': [ '7.1.0' ],
88 silly audit   'serve-static': [ '2.2.0' ],
88 silly audit   setprototypeof: [ '1.2.0' ],
88 silly audit   'shebang-command': [ '2.0.0' ],
88 silly audit   'shebang-regex': [ '3.0.0' ],
88 silly audit   'side-channel': [ '1.1.0' ],
88 silly audit   'side-channel-list': [ '1.0.0' ],
88 silly audit   'side-channel-map': [ '1.0.1' ],
88 silly audit   'side-channel-weakmap': [ '1.0.2' ],
88 silly audit   'signal-exit': [ '4.1.0' ],
88 silly audit   statuses: [ '2.0.1' ],
88 silly audit   'supports-preserve-symlinks-flag': [ '1.0.0' ],
88 silly audit   'swagger-jsdoc': [ '6.2.8' ],
88 silly audit   'swagger-parser': [ '10.0.3' ],
88 silly audit   'swagger-ui-dist': [ '5.20.4' ],
88 silly audit   'swagger-ui-express': [ '5.0.1' ],
88 silly audit   'timers-ext': [ '0.1.8' ],
88 silly audit   toidentifier: [ '1.0.1' ],
88 silly audit   'toposort-class': [ '1.0.1' ],
88 silly audit   type: [ '2.7.3' ],
88 silly audit   'type-is': [ '2.0.1' ],
88 silly audit   umzug: [ '2.3.0' ],
88 silly audit   'undici-types': [ '6.21.0' ],
88 silly audit   universalify: [ '2.0.1' ],
88 silly audit   unpipe: [ '1.0.0' ],
88 silly audit   uuid: [ '8.3.2' ],
88 silly audit   validator: [ '13.15.0' ],
88 silly audit   vary: [ '1.1.2' ],
88 silly audit   which: [ '2.0.2' ],
88 silly audit   wkx: [ '0.5.0' ],
88 silly audit   wrappy: [ '1.0.2' ],
88 silly audit   y18n: [ '5.0.8' ],
88 silly audit   yaml: [ '2.0.0-1' ],
88 silly audit   yargs: [ '16.2.0' ],
88 silly audit   'yargs-parser': [ '20.2.9' ],
88 silly audit   'z-schema': [ '5.0.5' ],
88 silly audit   pg: [ '8.14.1' ],
88 silly audit   'pg-cloudflare': [ '1.1.1' ],
88 silly audit   'pg-pool': [ '3.8.0' ],
88 silly audit   'pg-protocol': [ '1.8.0' ],
88 silly audit   'pg-types': [ '2.2.0' ],
88 silly audit   pgpass: [ '1.0.5' ],
88 silly audit   'pg-int8': [ '1.0.1' ],
88 silly audit   'postgres-array': [ '2.0.0' ],
88 silly audit   'postgres-bytea': [ '1.0.0' ],
88 silly audit   'postgres-date': [ '1.0.7' ],
88 silly audit   'postgres-interval': [ '1.2.0' ],
88 silly audit   split2: [ '4.2.0' ],
88 silly audit   xtend: [ '4.0.2' ]
88 silly audit }
89 silly tarball no local data for postgres-date@https://registry.npmjs.org/postgres-date/-/postgres-date-1.0.7.tgz. Extracting by manifest.
90 silly tarball no local data for split2@https://registry.npmjs.org/split2/-/split2-4.2.0.tgz. Extracting by manifest.
91 silly tarball no local data for postgres-bytea@https://registry.npmjs.org/postgres-bytea/-/postgres-bytea-1.0.0.tgz. Extracting by manifest.
92 silly tarball no local data for xtend@https://registry.npmjs.org/xtend/-/xtend-4.0.2.tgz. Extracting by manifest.
93 silly tarball no local data for postgres-interval@https://registry.npmjs.org/postgres-interval/-/postgres-interval-1.2.0.tgz. Extracting by manifest.
94 silly tarball no local data for postgres-array@https://registry.npmjs.org/postgres-array/-/postgres-array-2.0.0.tgz. Extracting by manifest.
95 silly tarball no local data for pg-int8@https://registry.npmjs.org/pg-int8/-/pg-int8-1.0.1.tgz. Extracting by manifest.
96 silly tarball no local data for pgpass@https://registry.npmjs.org/pgpass/-/pgpass-1.0.5.tgz. Extracting by manifest.
97 silly tarball no local data for pg-protocol@https://registry.npmjs.org/pg-protocol/-/pg-protocol-1.8.0.tgz. Extracting by manifest.
98 silly tarball no local data for pg-types@https://registry.npmjs.org/pg-types/-/pg-types-2.2.0.tgz. Extracting by manifest.
99 silly tarball no local data for pg-cloudflare@https://registry.npmjs.org/pg-cloudflare/-/pg-cloudflare-1.1.1.tgz. Extracting by manifest.
100 silly tarball no local data for pg-pool@https://registry.npmjs.org/pg-pool/-/pg-pool-3.8.0.tgz. Extracting by manifest.
101 silly tarball no local data for pg@https://registry.npmjs.org/pg/-/pg-8.14.1.tgz. Extracting by manifest.
102 http fetch GET 200 https://registry.npmjs.org/postgres-interval/-/postgres-interval-1.2.0.tgz 256ms (cache miss)
103 http fetch GET 200 https://registry.npmjs.org/xtend/-/xtend-4.0.2.tgz 265ms (cache miss)
104 http fetch GET 200 https://registry.npmjs.org/postgres-date/-/postgres-date-1.0.7.tgz 272ms (cache miss)
105 http fetch GET 200 https://registry.npmjs.org/split2/-/split2-4.2.0.tgz 437ms (cache miss)
106 http fetch GET 200 https://registry.npmjs.org/pg-int8/-/pg-int8-1.0.1.tgz 935ms (cache miss)
107 http fetch GET 200 https://registry.npmjs.org/postgres-array/-/postgres-array-2.0.0.tgz 938ms (cache miss)
108 http fetch GET 200 https://registry.npmjs.org/pg-cloudflare/-/pg-cloudflare-1.1.1.tgz 946ms (cache miss)
109 http fetch POST 200 https://registry.npmjs.org/-/npm/v1/security/advisories/bulk 1094ms
110 silly audit report {}
111 http fetch GET 200 https://registry.npmjs.org/pgpass/-/pgpass-1.0.5.tgz 1194ms (cache miss)
112 http fetch GET 200 https://registry.npmjs.org/pg-pool/-/pg-pool-3.8.0.tgz 1259ms (cache miss)
113 http fetch GET 200 https://registry.npmjs.org/postgres-bytea/-/postgres-bytea-1.0.0.tgz 1370ms (cache miss)
114 http fetch GET 200 https://registry.npmjs.org/pg/-/pg-8.14.1.tgz 2338ms (cache miss)
115 http fetch GET 200 https://registry.npmjs.org/pg-protocol/-/pg-protocol-1.8.0.tgz 2642ms (cache miss)
116 http fetch GET 200 https://registry.npmjs.org/pg-types/-/pg-types-2.2.0.tgz 3377ms (cache miss)
117 silly ADD node_modules/xtend
118 silly ADD node_modules/split2
119 silly ADD node_modules/postgres-interval
120 silly ADD node_modules/postgres-date
121 silly ADD node_modules/postgres-bytea
122 silly ADD node_modules/postgres-array
123 silly ADD node_modules/pg-int8
124 silly ADD node_modules/pgpass
125 silly ADD node_modules/pg-types
126 silly ADD node_modules/pg-protocol
127 silly ADD node_modules/pg-pool
128 silly ADD node_modules/pg-cloudflare
129 silly ADD node_modules/pg
130 verbose cwd D:\Documents\Github\RiseAcademy Backend\CaseFiles API
131 verbose os Windows_NT 10.0.22000
132 verbose node v20.17.0
133 verbose npm  v10.8.2
134 verbose exit 0
135 info ok
