0 verbose cli C:\Program Files\nodejs\node.exe C:\Program Files\nodejs\node_modules\npm\bin\npm-cli.js
1 info using npm@10.8.2
2 info using node@v20.17.0
3 silly config load:file:C:\Program Files\nodejs\node_modules\npm\npmrc
4 silly config load:file:D:\Documents\Github\RiseAcademy Backend\CaseFiles API\.npmrc
5 silly config load:file:C:\Users\hussa\.npmrc
6 silly config load:file:C:\Users\hussa\AppData\Roaming\npm\etc\npmrc
7 verbose title npm install swagger-jsdoc swagger-ui-express
8 verbose argv "install" "swagger-jsdoc" "swagger-ui-express"
9 verbose logfile logs-max:10 dir:D:\Documents\Github\RiseAcademy Backend\CaseFiles API\npm-cache\_logs\2025-04-03T09_08_57_936Z-
10 verbose logfile D:\Documents\Github\RiseAcademy Backend\CaseFiles API\npm-cache\_logs\2025-04-03T09_08_57_936Z-debug-0.log
11 silly packumentCache heap:2197815296 maxSize:549453824 maxEntrySize:274726912
12 silly logfile done cleaning log files
13 silly idealTree buildDeps
14 silly fetch manifest swagger-jsdoc@*
15 silly packumentCache full:https://registry.npmjs.org/swagger-jsdoc cache-miss
16 http fetch GET 200 https://registry.npmjs.org/npm 1997ms
17 http fetch GET 200 https://registry.npmjs.org/swagger-jsdoc 2315ms (cache miss)
18 silly packumentCache full:https://registry.npmjs.org/swagger-jsdoc set size:undefined disposed:false
19 silly fetch manifest swagger-ui-express@*
20 silly packumentCache full:https://registry.npmjs.org/swagger-ui-express cache-miss
21 http fetch GET 200 https://registry.npmjs.org/swagger-ui-express 462ms (cache miss)
22 silly packumentCache full:https://registry.npmjs.org/swagger-ui-express set size:undefined disposed:false
23 silly fetch manifest express@>=4.0.0 || >=5.0.0-beta
24 silly packumentCache full:https://registry.npmjs.org/express cache-miss
25 http fetch GET 200 https://registry.npmjs.org/express 860ms (cache miss)
26 silly packumentCache full:https://registry.npmjs.org/express set size:undefined disposed:false
27 silly placeDep ROOT swagger-jsdoc@6.2.8 OK for: casefiles-api@1.0.0 want: *
28 silly placeDep ROOT swagger-ui-express@5.0.1 OK for: casefiles-api@1.0.0 want: *
29 silly placeDep ROOT express@5.1.0 OK for: swagger-ui-express@5.0.1 want: >=4.0.0 || >=5.0.0-beta
30 silly fetch manifest glob@7.1.6
31 silly packumentCache full:https://registry.npmjs.org/glob cache-miss
32 silly fetch manifest yaml@2.0.0-1
33 silly packumentCache full:https://registry.npmjs.org/yaml cache-miss
34 silly fetch manifest doctrine@3.0.0
35 silly packumentCache full:https://registry.npmjs.org/doctrine cache-miss
36 silly fetch manifest commander@6.2.0
37 silly packumentCache full:https://registry.npmjs.org/commander cache-miss
38 silly fetch manifest swagger-parser@^10.0.3
39 silly packumentCache full:https://registry.npmjs.org/swagger-parser cache-miss
40 silly fetch manifest lodash.mergewith@^4.6.2
41 silly packumentCache full:https://registry.npmjs.org/lodash.mergewith cache-miss
42 silly fetch manifest swagger-ui-dist@>=5.0.0
43 silly packumentCache full:https://registry.npmjs.org/swagger-ui-dist cache-miss
44 silly fetch manifest qs@^6.14.0
45 silly packumentCache full:https://registry.npmjs.org/qs cache-miss
46 silly fetch manifest etag@^1.8.1
47 silly packumentCache full:https://registry.npmjs.org/etag cache-miss
48 silly fetch manifest once@^1.4.0
49 silly packumentCache full:https://registry.npmjs.org/once cache-miss
50 silly fetch manifest send@^1.1.0
51 silly packumentCache full:https://registry.npmjs.org/send cache-miss
52 http fetch GET 200 https://registry.npmjs.org/yaml 532ms (cache miss)
53 silly packumentCache full:https://registry.npmjs.org/yaml set size:undefined disposed:false
54 silly fetch manifest vary@^1.1.2
55 silly packumentCache full:https://registry.npmjs.org/vary cache-miss
56 http fetch GET 200 https://registry.npmjs.org/vary 245ms (cache miss)
57 silly packumentCache full:https://registry.npmjs.org/vary set size:undefined disposed:false
58 silly fetch manifest fresh@^2.0.0
59 silly packumentCache full:https://registry.npmjs.org/fresh cache-miss
60 http fetch GET 200 https://registry.npmjs.org/glob 811ms (cache miss)
61 silly packumentCache full:https://registry.npmjs.org/glob set size:undefined disposed:false
62 silly fetch manifest cookie@^0.7.1
63 silly packumentCache full:https://registry.npmjs.org/cookie cache-miss
64 http fetch GET 200 https://registry.npmjs.org/once 1014ms (cache miss)
65 silly packumentCache full:https://registry.npmjs.org/once set size:undefined disposed:false
66 silly fetch manifest router@^2.2.0
67 silly packumentCache full:https://registry.npmjs.org/router cache-miss
68 http fetch GET 200 https://registry.npmjs.org/lodash.mergewith 1153ms (cache miss)
69 silly packumentCache full:https://registry.npmjs.org/lodash.mergewith set size:undefined disposed:false
70 silly fetch manifest accepts@^2.0.0
71 silly packumentCache full:https://registry.npmjs.org/accepts cache-miss
72 http fetch GET 200 https://registry.npmjs.org/fresh 369ms (cache miss)
73 silly packumentCache full:https://registry.npmjs.org/fresh set size:undefined disposed:false
74 silly fetch manifest type-is@^2.0.1
75 silly packumentCache full:https://registry.npmjs.org/type-is cache-miss
76 http fetch GET 200 https://registry.npmjs.org/cookie 354ms (cache miss)
77 silly packumentCache full:https://registry.npmjs.org/cookie set size:undefined disposed:false
78 silly fetch manifest parseurl@^1.3.3
79 silly packumentCache full:https://registry.npmjs.org/parseurl cache-miss
80 http fetch GET 200 https://registry.npmjs.org/swagger-parser 1201ms (cache miss)
81 silly packumentCache full:https://registry.npmjs.org/swagger-parser set size:undefined disposed:false
82 silly fetch manifest statuses@^2.0.1
83 silly packumentCache full:https://registry.npmjs.org/statuses cache-miss
84 http fetch GET 200 https://registry.npmjs.org/send 1210ms (cache miss)
85 silly packumentCache full:https://registry.npmjs.org/send set size:undefined disposed:false
86 silly fetch manifest encodeurl@^2.0.0
87 silly packumentCache full:https://registry.npmjs.org/encodeurl cache-miss
88 http fetch GET 200 https://registry.npmjs.org/doctrine 1285ms (cache miss)
89 silly packumentCache full:https://registry.npmjs.org/doctrine set size:undefined disposed:false
90 silly fetch manifest mime-types@^3.0.0
91 silly packumentCache full:https://registry.npmjs.org/mime-types cache-miss
92 http fetch GET 200 https://registry.npmjs.org/qs 1316ms (cache miss)
93 silly packumentCache full:https://registry.npmjs.org/qs set size:undefined disposed:false
94 silly fetch manifest proxy-addr@^2.0.7
95 silly packumentCache full:https://registry.npmjs.org/proxy-addr cache-miss
96 http fetch GET 200 https://registry.npmjs.org/parseurl 240ms (cache miss)
97 silly packumentCache full:https://registry.npmjs.org/parseurl set size:undefined disposed:false
98 silly fetch manifest body-parser@^2.2.0
99 silly packumentCache full:https://registry.npmjs.org/body-parser cache-miss
100 http fetch GET 200 https://registry.npmjs.org/router 452ms (cache miss)
101 silly packumentCache full:https://registry.npmjs.org/router set size:undefined disposed:false
102 silly fetch manifest escape-html@^1.0.3
103 silly packumentCache full:https://registry.npmjs.org/escape-html cache-miss
104 http fetch GET 200 https://registry.npmjs.org/proxy-addr 260ms (cache miss)
105 silly packumentCache full:https://registry.npmjs.org/proxy-addr set size:undefined disposed:false
106 silly fetch manifest http-errors@^2.0.0
107 silly packumentCache full:https://registry.npmjs.org/http-errors cache-miss
108 http fetch GET 200 https://registry.npmjs.org/accepts 455ms (cache miss)
109 silly packumentCache full:https://registry.npmjs.org/accepts set size:undefined disposed:false
110 silly fetch manifest on-finished@^2.4.1
111 silly packumentCache full:https://registry.npmjs.org/on-finished cache-miss
112 http fetch GET 200 https://registry.npmjs.org/type-is 464ms (cache miss)
113 silly packumentCache full:https://registry.npmjs.org/type-is set size:undefined disposed:false
114 silly fetch manifest content-type@^1.0.5
115 silly packumentCache full:https://registry.npmjs.org/content-type cache-miss
116 http fetch GET 200 https://registry.npmjs.org/commander 1690ms (cache miss)
117 silly packumentCache full:https://registry.npmjs.org/commander set size:undefined disposed:false
118 silly fetch manifest finalhandler@^2.1.0
119 silly packumentCache full:https://registry.npmjs.org/finalhandler cache-miss
120 http fetch GET 200 https://registry.npmjs.org/mime-types 438ms (cache miss)
121 silly packumentCache full:https://registry.npmjs.org/mime-types set size:undefined disposed:false
122 silly fetch manifest range-parser@^1.2.1
123 silly packumentCache full:https://registry.npmjs.org/range-parser cache-miss
124 http fetch GET 200 https://registry.npmjs.org/statuses 623ms (cache miss)
125 silly packumentCache full:https://registry.npmjs.org/statuses set size:undefined disposed:false
126 silly fetch manifest serve-static@^2.2.0
127 silly packumentCache full:https://registry.npmjs.org/serve-static cache-miss
128 http fetch GET 200 https://registry.npmjs.org/on-finished 271ms (cache miss)
129 silly packumentCache full:https://registry.npmjs.org/on-finished set size:undefined disposed:false
130 silly fetch manifest cookie-signature@^1.2.1
131 silly packumentCache full:https://registry.npmjs.org/cookie-signature cache-miss
132 http fetch GET 200 https://registry.npmjs.org/content-type 279ms (cache miss)
133 silly packumentCache full:https://registry.npmjs.org/content-type set size:undefined disposed:false
134 silly fetch manifest merge-descriptors@^2.0.0
135 silly packumentCache full:https://registry.npmjs.org/merge-descriptors cache-miss
136 http fetch GET 200 https://registry.npmjs.org/body-parser 495ms (cache miss)
137 silly packumentCache full:https://registry.npmjs.org/body-parser set size:undefined disposed:false
138 silly fetch manifest content-disposition@^1.0.0
139 silly packumentCache full:https://registry.npmjs.org/content-disposition cache-miss
140 http fetch GET 200 https://registry.npmjs.org/finalhandler 363ms (cache miss)
141 silly packumentCache full:https://registry.npmjs.org/finalhandler set size:undefined disposed:false
142 http fetch GET 200 https://registry.npmjs.org/http-errors 479ms (cache miss)
143 silly packumentCache full:https://registry.npmjs.org/http-errors set size:undefined disposed:false
144 http fetch GET 200 https://registry.npmjs.org/cookie-signature 227ms (cache miss)
145 silly packumentCache full:https://registry.npmjs.org/cookie-signature set size:undefined disposed:false
146 http fetch GET 200 https://registry.npmjs.org/encodeurl 1117ms (cache miss)
147 silly packumentCache full:https://registry.npmjs.org/encodeurl set size:undefined disposed:false
148 http fetch GET 200 https://registry.npmjs.org/merge-descriptors 432ms (cache miss)
149 silly packumentCache full:https://registry.npmjs.org/merge-descriptors set size:undefined disposed:false
150 http fetch GET 200 https://registry.npmjs.org/content-disposition 449ms (cache miss)
151 silly packumentCache full:https://registry.npmjs.org/content-disposition set size:undefined disposed:false
152 http fetch GET 200 https://registry.npmjs.org/serve-static 610ms (cache miss)
153 silly packumentCache full:https://registry.npmjs.org/serve-static set size:undefined disposed:false
154 http fetch GET 200 https://registry.npmjs.org/range-parser 719ms (cache miss)
155 silly packumentCache full:https://registry.npmjs.org/range-parser set size:undefined disposed:false
156 http fetch GET 200 https://registry.npmjs.org/escape-html 1006ms (cache miss)
157 silly packumentCache full:https://registry.npmjs.org/escape-html set size:undefined disposed:false
158 http fetch GET 200 https://registry.npmjs.org/swagger-ui-dist 2820ms (cache miss)
159 silly packumentCache full:https://registry.npmjs.org/swagger-ui-dist set size:undefined disposed:false
160 http fetch GET 200 https://registry.npmjs.org/etag 6166ms (cache miss)
161 silly packumentCache full:https://registry.npmjs.org/etag set size:undefined disposed:false
162 silly placeDep ROOT accepts@2.0.0 OK for: express@5.1.0 want: ^2.0.0
163 silly placeDep ROOT body-parser@2.2.0 OK for: express@5.1.0 want: ^2.2.0
164 silly placeDep ROOT content-disposition@1.0.0 OK for: express@5.1.0 want: ^1.0.0
165 silly placeDep ROOT content-type@1.0.5 OK for: express@5.1.0 want: ^1.0.5
166 silly placeDep ROOT cookie@0.7.2 OK for: express@5.1.0 want: ^0.7.1
167 silly placeDep ROOT cookie-signature@1.2.2 OK for: express@5.1.0 want: ^1.2.1
168 silly placeDep ROOT encodeurl@2.0.0 OK for: express@5.1.0 want: ^2.0.0
169 silly placeDep ROOT escape-html@1.0.3 OK for: express@5.1.0 want: ^1.0.3
170 silly placeDep ROOT etag@1.8.1 OK for: express@5.1.0 want: ^1.8.1
171 silly placeDep ROOT finalhandler@2.1.0 OK for: express@5.1.0 want: ^2.1.0
172 silly placeDep ROOT fresh@2.0.0 OK for: express@5.1.0 want: ^2.0.0
173 silly placeDep ROOT http-errors@2.0.0 OK for: express@5.1.0 want: ^2.0.0
174 silly placeDep ROOT merge-descriptors@2.0.0 OK for: express@5.1.0 want: ^2.0.0
175 silly placeDep ROOT mime-types@3.0.1 OK for: express@5.1.0 want: ^3.0.0
176 silly placeDep ROOT on-finished@2.4.1 OK for: express@5.1.0 want: ^2.4.1
177 silly placeDep ROOT once@1.4.0 OK for: express@5.1.0 want: ^1.4.0
178 silly placeDep ROOT parseurl@1.3.3 OK for: express@5.1.0 want: ^1.3.3
179 silly placeDep ROOT proxy-addr@2.0.7 OK for: express@5.1.0 want: ^2.0.7
180 silly placeDep ROOT qs@6.14.0 OK for: express@5.1.0 want: ^6.14.0
181 silly placeDep ROOT range-parser@1.2.1 OK for: express@5.1.0 want: ^1.2.1
182 silly placeDep ROOT router@2.2.0 OK for: express@5.1.0 want: ^2.2.0
183 silly placeDep ROOT send@1.2.0 OK for: express@5.1.0 want: ^1.1.0
184 silly placeDep ROOT serve-static@2.2.0 OK for: express@5.1.0 want: ^2.2.0
185 silly placeDep ROOT statuses@2.0.1 OK for: express@5.1.0 want: ^2.0.1
186 silly placeDep ROOT type-is@2.0.1 OK for: express@5.1.0 want: ^2.0.1
187 silly placeDep ROOT vary@1.1.2 OK for: express@5.1.0 want: ^1.1.2
188 silly fetch manifest negotiator@^1.0.0
189 silly packumentCache full:https://registry.npmjs.org/negotiator cache-miss
190 silly fetch manifest bytes@^3.1.2
191 silly packumentCache full:https://registry.npmjs.org/bytes cache-miss
192 silly fetch manifest iconv-lite@^0.6.3
193 silly packumentCache full:https://registry.npmjs.org/iconv-lite cache-miss
194 silly fetch manifest raw-body@^3.0.0
195 silly packumentCache full:https://registry.npmjs.org/raw-body cache-miss
196 silly fetch manifest type-is@^2.0.0
197 silly packumentCache full:https://registry.npmjs.org/type-is cache-miss
198 silly fetch manifest safe-buffer@5.2.1
199 silly packumentCache full:https://registry.npmjs.org/safe-buffer cache-miss
200 silly fetch manifest depd@2.0.0
201 silly packumentCache full:https://registry.npmjs.org/depd cache-miss
202 silly fetch manifest inherits@2.0.4
203 silly packumentCache full:https://registry.npmjs.org/inherits cache-miss
204 silly fetch manifest setprototypeof@1.2.0
205 silly packumentCache full:https://registry.npmjs.org/setprototypeof cache-miss
206 silly fetch manifest statuses@2.0.1
207 silly packumentCache full:https://registry.npmjs.org/statuses cache-miss
208 silly fetch manifest toidentifier@1.0.1
209 silly packumentCache full:https://registry.npmjs.org/toidentifier cache-miss
210 http fetch GET 200 https://registry.npmjs.org/statuses 74ms (cache hit)
211 silly packumentCache full:https://registry.npmjs.org/statuses set size:34272 disposed:false
212 silly fetch manifest mime-db@^1.54.0
213 silly packumentCache full:https://registry.npmjs.org/mime-db cache-miss
214 http fetch GET 200 https://registry.npmjs.org/type-is 89ms (cache hit)
215 silly packumentCache full:https://registry.npmjs.org/type-is set size:86196 disposed:false
216 silly fetch manifest ee-first@1.1.1
217 silly packumentCache full:https://registry.npmjs.org/ee-first cache-miss
218 http fetch GET 200 https://registry.npmjs.org/bytes 291ms (cache miss)
219 silly packumentCache full:https://registry.npmjs.org/bytes set size:undefined disposed:false
220 silly fetch manifest wrappy@1
221 silly packumentCache full:https://registry.npmjs.org/wrappy cache-miss
222 http fetch GET 200 https://registry.npmjs.org/iconv-lite 298ms (cache miss)
223 silly packumentCache full:https://registry.npmjs.org/iconv-lite set size:undefined disposed:false
224 silly fetch manifest forwarded@0.2.0
225 silly packumentCache full:https://registry.npmjs.org/forwarded cache-miss
226 http fetch GET 200 https://registry.npmjs.org/negotiator 312ms (cache miss)
227 silly packumentCache full:https://registry.npmjs.org/negotiator set size:undefined disposed:false
228 silly fetch manifest ipaddr.js@1.9.1
229 silly packumentCache full:https://registry.npmjs.org/ipaddr.js cache-miss
230 http fetch GET 200 https://registry.npmjs.org/setprototypeof 308ms (cache miss)
231 silly packumentCache full:https://registry.npmjs.org/setprototypeof set size:undefined disposed:false
232 silly fetch manifest side-channel@^1.1.0
233 silly packumentCache full:https://registry.npmjs.org/side-channel cache-miss
234 http fetch GET 200 https://registry.npmjs.org/depd 428ms (cache miss)
235 silly packumentCache full:https://registry.npmjs.org/depd set size:undefined disposed:false
236 silly fetch manifest depd@^2.0.0
237 silly packumentCache full:https://registry.npmjs.org/depd cache-miss
238 http fetch GET 200 https://registry.npmjs.org/depd 36ms (cache hit)
239 silly packumentCache full:https://registry.npmjs.org/depd set size:40182 disposed:false
240 silly fetch manifest is-promise@^4.0.0
241 silly packumentCache full:https://registry.npmjs.org/is-promise cache-miss
242 http fetch GET 200 https://registry.npmjs.org/safe-buffer 486ms (cache miss)
243 silly packumentCache full:https://registry.npmjs.org/safe-buffer set size:undefined disposed:false
244 silly fetch manifest path-to-regexp@^8.0.0
245 silly packumentCache full:https://registry.npmjs.org/path-to-regexp cache-miss
246 http fetch GET 200 https://registry.npmjs.org/wrappy 246ms (cache miss)
247 silly packumentCache full:https://registry.npmjs.org/wrappy set size:undefined disposed:false
248 silly fetch manifest media-typer@^1.1.0
249 silly packumentCache full:https://registry.npmjs.org/media-typer cache-miss
250 http fetch GET 200 https://registry.npmjs.org/toidentifier 537ms (cache miss)
251 silly packumentCache full:https://registry.npmjs.org/toidentifier set size:undefined disposed:false
252 http fetch GET 200 https://registry.npmjs.org/forwarded 252ms (cache miss)
253 silly packumentCache full:https://registry.npmjs.org/forwarded set size:undefined disposed:false
254 http fetch GET 200 https://registry.npmjs.org/mime-db 500ms (cache miss)
255 silly packumentCache full:https://registry.npmjs.org/mime-db set size:undefined disposed:false
256 http fetch GET 200 https://registry.npmjs.org/ee-first 504ms (cache miss)
257 silly packumentCache full:https://registry.npmjs.org/ee-first set size:undefined disposed:false
258 http fetch GET 200 https://registry.npmjs.org/raw-body 746ms (cache miss)
259 silly packumentCache full:https://registry.npmjs.org/raw-body set size:undefined disposed:false
260 http fetch GET 200 https://registry.npmjs.org/is-promise 277ms (cache miss)
261 silly packumentCache full:https://registry.npmjs.org/is-promise set size:undefined disposed:false
262 http fetch GET 200 https://registry.npmjs.org/media-typer 250ms (cache miss)
263 silly packumentCache full:https://registry.npmjs.org/media-typer set size:undefined disposed:false
264 http fetch GET 200 https://registry.npmjs.org/ipaddr.js 478ms (cache miss)
265 silly packumentCache full:https://registry.npmjs.org/ipaddr.js set size:undefined disposed:false
266 http fetch GET 200 https://registry.npmjs.org/side-channel 481ms (cache miss)
267 silly packumentCache full:https://registry.npmjs.org/side-channel set size:undefined disposed:false
268 http fetch GET 200 https://registry.npmjs.org/inherits 880ms (cache miss)
269 silly packumentCache full:https://registry.npmjs.org/inherits set size:undefined disposed:false
270 http fetch GET 200 https://registry.npmjs.org/path-to-regexp 1041ms (cache miss)
271 silly packumentCache full:https://registry.npmjs.org/path-to-regexp set size:undefined disposed:false
272 silly placeDep ROOT negotiator@1.0.0 OK for: accepts@2.0.0 want: ^1.0.0
273 silly placeDep ROOT bytes@3.1.2 OK for: body-parser@2.2.0 want: ^3.1.2
274 silly placeDep ROOT iconv-lite@0.6.3 OK for: body-parser@2.2.0 want: ^0.6.3
275 silly placeDep ROOT raw-body@3.0.0 OK for: body-parser@2.2.0 want: ^3.0.0
276 silly fetch manifest safer-buffer@>= 2.1.2 < 3.0.0
277 silly packumentCache full:https://registry.npmjs.org/safer-buffer cache-miss
278 silly fetch manifest unpipe@1.0.0
279 silly packumentCache full:https://registry.npmjs.org/unpipe cache-miss
280 http fetch GET 200 https://registry.npmjs.org/safer-buffer 262ms (cache miss)
281 silly packumentCache full:https://registry.npmjs.org/safer-buffer set size:undefined disposed:false
282 http fetch GET 200 https://registry.npmjs.org/unpipe 262ms (cache miss)
283 silly packumentCache full:https://registry.npmjs.org/unpipe set size:undefined disposed:false
284 silly placeDep ROOT safe-buffer@5.2.1 OK for: content-disposition@1.0.0 want: 5.2.1
285 silly placeDep ROOT depd@2.0.0 OK for: http-errors@2.0.0 want: 2.0.0
286 silly placeDep ROOT inherits@2.0.4 OK for: http-errors@2.0.0 want: 2.0.4
287 silly placeDep ROOT setprototypeof@1.2.0 OK for: http-errors@2.0.0 want: 1.2.0
288 silly placeDep ROOT toidentifier@1.0.1 OK for: http-errors@2.0.0 want: 1.0.1
289 silly placeDep ROOT safer-buffer@2.1.2 OK for: iconv-lite@0.6.3 want: >= 2.1.2 < 3.0.0
290 silly placeDep ROOT mime-db@1.54.0 OK for: mime-types@3.0.1 want: ^1.54.0
291 silly placeDep ROOT ee-first@1.1.1 OK for: on-finished@2.4.1 want: 1.1.1
292 silly placeDep ROOT wrappy@1.0.2 OK for: once@1.4.0 want: 1
293 silly placeDep ROOT forwarded@0.2.0 OK for: proxy-addr@2.0.7 want: 0.2.0
294 silly placeDep ROOT ipaddr.js@1.9.1 OK for: proxy-addr@2.0.7 want: 1.9.1
295 silly placeDep ROOT side-channel@1.1.0 OK for: qs@6.14.0 want: ^1.1.0
296 silly fetch manifest es-errors@^1.3.0
297 silly packumentCache full:https://registry.npmjs.org/es-errors cache-miss
298 silly fetch manifest object-inspect@^1.13.3
299 silly packumentCache full:https://registry.npmjs.org/object-inspect cache-miss
300 silly fetch manifest side-channel-list@^1.0.0
301 silly packumentCache full:https://registry.npmjs.org/side-channel-list cache-miss
302 silly fetch manifest side-channel-map@^1.0.1
303 silly packumentCache full:https://registry.npmjs.org/side-channel-map cache-miss
304 silly fetch manifest side-channel-weakmap@^1.0.2
305 silly packumentCache full:https://registry.npmjs.org/side-channel-weakmap cache-miss
306 http fetch GET 200 https://registry.npmjs.org/es-errors 257ms (cache miss)
307 silly packumentCache full:https://registry.npmjs.org/es-errors set size:undefined disposed:false
308 http fetch GET 200 https://registry.npmjs.org/side-channel-map 260ms (cache miss)
309 silly packumentCache full:https://registry.npmjs.org/side-channel-map set size:undefined disposed:false
310 http fetch GET 200 https://registry.npmjs.org/side-channel-weakmap 260ms (cache miss)
311 silly packumentCache full:https://registry.npmjs.org/side-channel-weakmap set size:undefined disposed:false
312 http fetch GET 200 https://registry.npmjs.org/side-channel-list 465ms (cache miss)
313 silly packumentCache full:https://registry.npmjs.org/side-channel-list set size:undefined disposed:false
314 http fetch GET 200 https://registry.npmjs.org/object-inspect 477ms (cache miss)
315 silly packumentCache full:https://registry.npmjs.org/object-inspect set size:undefined disposed:false
316 silly placeDep ROOT unpipe@1.0.0 OK for: raw-body@3.0.0 want: 1.0.0
317 silly placeDep node_modules/router is-promise@4.0.0 OK for: router@2.2.0 want: ^4.0.0
318 silly placeDep ROOT path-to-regexp@8.2.0 OK for: router@2.2.0 want: ^8.0.0
319 silly placeDep ROOT es-errors@1.3.0 OK for: side-channel@1.1.0 want: ^1.3.0
320 silly placeDep ROOT object-inspect@1.13.4 OK for: side-channel@1.1.0 want: ^1.13.3
321 silly placeDep ROOT side-channel-list@1.0.0 OK for: side-channel@1.1.0 want: ^1.0.0
322 silly placeDep ROOT side-channel-map@1.0.1 OK for: side-channel@1.1.0 want: ^1.0.1
323 silly placeDep ROOT side-channel-weakmap@1.0.2 OK for: side-channel@1.1.0 want: ^1.0.2
324 silly fetch manifest call-bound@^1.0.2
325 silly packumentCache full:https://registry.npmjs.org/call-bound cache-miss
326 silly fetch manifest get-intrinsic@^1.2.5
327 silly packumentCache full:https://registry.npmjs.org/get-intrinsic cache-miss
328 silly fetch manifest call-bound@^1.0.2
329 silly packumentCache full:https://registry.npmjs.org/call-bound cache-miss
330 silly fetch manifest get-intrinsic@^1.2.5
331 silly packumentCache full:https://registry.npmjs.org/get-intrinsic cache-miss
332 http fetch GET 200 https://registry.npmjs.org/call-bound 258ms (cache miss)
333 silly packumentCache full:https://registry.npmjs.org/call-bound set size:undefined disposed:false
334 http fetch GET 200 https://registry.npmjs.org/call-bound 462ms (cache miss)
335 silly packumentCache full:https://registry.npmjs.org/call-bound set size:undefined disposed:false
336 http fetch GET 200 https://registry.npmjs.org/get-intrinsic 482ms (cache miss)
337 silly packumentCache full:https://registry.npmjs.org/get-intrinsic set size:undefined disposed:false
338 http fetch GET 200 https://registry.npmjs.org/get-intrinsic 551ms (cache miss)
339 silly packumentCache full:https://registry.npmjs.org/get-intrinsic set size:undefined disposed:false
340 silly placeDep ROOT call-bound@1.0.4 OK for: side-channel-map@1.0.1 want: ^1.0.2
341 silly placeDep ROOT get-intrinsic@1.3.0 OK for: side-channel-map@1.0.1 want: ^1.2.5
342 silly fetch manifest call-bind-apply-helpers@^1.0.2
343 silly packumentCache full:https://registry.npmjs.org/call-bind-apply-helpers cache-miss
344 silly fetch manifest get-intrinsic@^1.3.0
345 silly packumentCache full:https://registry.npmjs.org/get-intrinsic cache-miss
346 silly fetch manifest call-bind-apply-helpers@^1.0.2
347 silly packumentCache full:https://registry.npmjs.org/call-bind-apply-helpers cache-miss
348 silly fetch manifest es-define-property@^1.0.1
349 silly packumentCache full:https://registry.npmjs.org/es-define-property cache-miss
350 silly fetch manifest es-object-atoms@^1.1.1
351 silly packumentCache full:https://registry.npmjs.org/es-object-atoms cache-miss
352 silly fetch manifest get-proto@^1.0.1
353 silly packumentCache full:https://registry.npmjs.org/get-proto cache-miss
354 silly fetch manifest gopd@^1.2.0
355 silly packumentCache full:https://registry.npmjs.org/gopd cache-miss
356 silly fetch manifest has-symbols@^1.1.0
357 silly packumentCache full:https://registry.npmjs.org/has-symbols cache-miss
358 silly fetch manifest math-intrinsics@^1.1.0
359 silly packumentCache full:https://registry.npmjs.org/math-intrinsics cache-miss
360 http fetch GET 200 https://registry.npmjs.org/get-intrinsic 69ms (cache hit)
361 silly packumentCache full:https://registry.npmjs.org/get-intrinsic set size:57687 disposed:false
362 http fetch GET 200 https://registry.npmjs.org/gopd 264ms (cache miss)
363 silly packumentCache full:https://registry.npmjs.org/gopd set size:undefined disposed:false
364 http fetch GET 200 https://registry.npmjs.org/get-proto 266ms (cache miss)
365 silly packumentCache full:https://registry.npmjs.org/get-proto set size:undefined disposed:false
366 http fetch GET 200 https://registry.npmjs.org/math-intrinsics 269ms (cache miss)
367 silly packumentCache full:https://registry.npmjs.org/math-intrinsics set size:undefined disposed:false
368 http fetch GET 200 https://registry.npmjs.org/call-bind-apply-helpers 448ms (cache miss)
369 silly packumentCache full:https://registry.npmjs.org/call-bind-apply-helpers set size:undefined disposed:false
370 http fetch GET 200 https://registry.npmjs.org/has-symbols 476ms (cache miss)
371 silly packumentCache full:https://registry.npmjs.org/has-symbols set size:undefined disposed:false
372 http fetch GET 200 https://registry.npmjs.org/call-bind-apply-helpers 645ms (cache miss)
373 silly packumentCache full:https://registry.npmjs.org/call-bind-apply-helpers set size:undefined disposed:false
374 http fetch GET 200 https://registry.npmjs.org/es-object-atoms 896ms (cache miss)
375 silly packumentCache full:https://registry.npmjs.org/es-object-atoms set size:undefined disposed:false
376 http fetch GET 200 https://registry.npmjs.org/es-define-property 900ms (cache miss)
377 silly packumentCache full:https://registry.npmjs.org/es-define-property set size:undefined disposed:false
378 silly placeDep ROOT call-bind-apply-helpers@1.0.2 OK for: call-bound@1.0.4 want: ^1.0.2
379 silly placeDep ROOT es-define-property@1.0.1 OK for: get-intrinsic@1.3.0 want: ^1.0.1
380 silly placeDep ROOT es-object-atoms@1.1.1 OK for: get-intrinsic@1.3.0 want: ^1.1.1
381 silly placeDep ROOT get-proto@1.0.1 OK for: get-intrinsic@1.3.0 want: ^1.0.1
382 silly placeDep ROOT gopd@1.2.0 OK for: get-intrinsic@1.3.0 want: ^1.2.0
383 silly placeDep ROOT has-symbols@1.1.0 OK for: get-intrinsic@1.3.0 want: ^1.1.0
384 silly placeDep ROOT math-intrinsics@1.1.0 OK for: get-intrinsic@1.3.0 want: ^1.1.0
385 silly fetch manifest dunder-proto@^1.0.1
386 silly packumentCache full:https://registry.npmjs.org/dunder-proto cache-miss
387 http fetch GET 200 https://registry.npmjs.org/dunder-proto 476ms (cache miss)
388 silly packumentCache full:https://registry.npmjs.org/dunder-proto set size:undefined disposed:false
389 silly placeDep ROOT dunder-proto@1.0.1 OK for: get-proto@1.0.1 want: ^1.0.1
390 silly placeDep node_modules/swagger-jsdoc commander@6.2.0 OK for: swagger-jsdoc@6.2.8 want: 6.2.0
391 silly placeDep ROOT doctrine@3.0.0 OK for: swagger-jsdoc@6.2.8 want: 3.0.0
392 silly placeDep node_modules/swagger-jsdoc glob@7.1.6 OK for: swagger-jsdoc@6.2.8 want: 7.1.6
393 silly placeDep ROOT lodash.mergewith@4.6.2 OK for: swagger-jsdoc@6.2.8 want: ^4.6.2
394 silly placeDep ROOT swagger-parser@10.0.3 OK for: swagger-jsdoc@6.2.8 want: ^10.0.3
395 silly placeDep ROOT yaml@2.0.0-1 OK for: swagger-jsdoc@6.2.8 want: 2.0.0-1
396 silly fetch manifest esutils@^2.0.2
397 silly packumentCache full:https://registry.npmjs.org/esutils cache-miss
398 silly fetch manifest inflight@^1.0.4
399 silly packumentCache full:https://registry.npmjs.org/inflight cache-miss
400 silly fetch manifest minimatch@^3.0.4
401 silly packumentCache full:https://registry.npmjs.org/minimatch cache-miss
402 silly fetch manifest fs.realpath@^1.0.0
403 silly packumentCache full:https://registry.npmjs.org/fs.realpath cache-miss
404 silly fetch manifest path-is-absolute@^1.0.0
405 silly packumentCache full:https://registry.npmjs.org/path-is-absolute cache-miss
406 silly fetch manifest @apidevtools/swagger-parser@10.0.3
407 silly packumentCache full:https://registry.npmjs.org/@apidevtools%2fswagger-parser cache-miss
408 http fetch GET 200 https://registry.npmjs.org/path-is-absolute 379ms (cache miss)
409 silly packumentCache full:https://registry.npmjs.org/path-is-absolute set size:undefined disposed:false
410 http fetch GET 200 https://registry.npmjs.org/@apidevtools%2fswagger-parser 383ms (cache miss)
411 silly packumentCache full:https://registry.npmjs.org/@apidevtools%2fswagger-parser set size:undefined disposed:false
412 http fetch GET 200 https://registry.npmjs.org/esutils 524ms (cache miss)
413 silly packumentCache full:https://registry.npmjs.org/esutils set size:undefined disposed:false
414 http fetch GET 200 https://registry.npmjs.org/inflight 554ms (cache miss)
415 silly packumentCache full:https://registry.npmjs.org/inflight set size:undefined disposed:false
416 http fetch GET 200 https://registry.npmjs.org/fs.realpath 1034ms (cache miss)
417 silly packumentCache full:https://registry.npmjs.org/fs.realpath set size:undefined disposed:false
418 http fetch GET 200 https://registry.npmjs.org/minimatch 3342ms (cache miss)
419 silly packumentCache full:https://registry.npmjs.org/minimatch set size:undefined disposed:false
420 silly placeDep ROOT esutils@2.0.3 OK for: doctrine@3.0.0 want: ^2.0.2
421 silly fetch manifest openapi-types@>=7
422 silly packumentCache full:https://registry.npmjs.org/openapi-types cache-miss
423 http fetch GET 200 https://registry.npmjs.org/openapi-types 426ms (cache miss)
424 silly packumentCache full:https://registry.npmjs.org/openapi-types set size:undefined disposed:false
425 silly placeDep ROOT @apidevtools/swagger-parser@10.0.3 OK for: swagger-parser@10.0.3 want: 10.0.3
426 silly placeDep ROOT openapi-types@12.1.3 OK for: @apidevtools/swagger-parser@10.0.3 want: >=7
427 silly fetch manifest z-schema@^5.0.1
428 silly packumentCache full:https://registry.npmjs.org/z-schema cache-miss
429 silly fetch manifest call-me-maybe@^1.0.1
430 silly packumentCache full:https://registry.npmjs.org/call-me-maybe cache-miss
431 silly fetch manifest @jsdevtools/ono@^7.1.3
432 silly packumentCache full:https://registry.npmjs.org/@jsdevtools%2fono cache-miss
433 silly fetch manifest @apidevtools/openapi-schemas@^2.0.4
434 silly packumentCache full:https://registry.npmjs.org/@apidevtools%2fopenapi-schemas cache-miss
435 silly fetch manifest @apidevtools/swagger-methods@^3.0.2
436 silly packumentCache full:https://registry.npmjs.org/@apidevtools%2fswagger-methods cache-miss
437 silly fetch manifest @apidevtools/json-schema-ref-parser@^9.0.6
438 silly packumentCache full:https://registry.npmjs.org/@apidevtools%2fjson-schema-ref-parser cache-miss
439 http fetch GET 200 https://registry.npmjs.org/@apidevtools%2fswagger-methods 331ms (cache miss)
440 silly packumentCache full:https://registry.npmjs.org/@apidevtools%2fswagger-methods set size:undefined disposed:false
441 http fetch GET 200 https://registry.npmjs.org/@apidevtools%2fopenapi-schemas 333ms (cache miss)
442 silly packumentCache full:https://registry.npmjs.org/@apidevtools%2fopenapi-schemas set size:undefined disposed:false
443 http fetch GET 200 https://registry.npmjs.org/call-me-maybe 336ms (cache miss)
444 silly packumentCache full:https://registry.npmjs.org/call-me-maybe set size:undefined disposed:false
445 http fetch GET 200 https://registry.npmjs.org/@jsdevtools%2fono 618ms (cache miss)
446 silly packumentCache full:https://registry.npmjs.org/@jsdevtools%2fono set size:undefined disposed:false
447 http fetch GET 200 https://registry.npmjs.org/z-schema 804ms (cache miss)
448 silly packumentCache full:https://registry.npmjs.org/z-schema set size:undefined disposed:false
449 http fetch GET 200 https://registry.npmjs.org/@apidevtools%2fjson-schema-ref-parser 1156ms (cache miss)
450 silly packumentCache full:https://registry.npmjs.org/@apidevtools%2fjson-schema-ref-parser set size:undefined disposed:false
451 silly placeDep ROOT @apidevtools/json-schema-ref-parser@9.1.2 OK for: @apidevtools/swagger-parser@10.0.3 want: ^9.0.6
452 silly placeDep ROOT @apidevtools/openapi-schemas@2.1.0 OK for: @apidevtools/swagger-parser@10.0.3 want: ^2.0.4
453 silly placeDep ROOT @apidevtools/swagger-methods@3.0.2 OK for: @apidevtools/swagger-parser@10.0.3 want: ^3.0.2
454 silly placeDep ROOT @jsdevtools/ono@7.1.3 OK for: @apidevtools/swagger-parser@10.0.3 want: ^7.1.3
455 silly placeDep ROOT call-me-maybe@1.0.2 OK for: @apidevtools/swagger-parser@10.0.3 want: ^1.0.1
456 silly placeDep ROOT z-schema@5.0.5 OK for: @apidevtools/swagger-parser@10.0.3 want: ^5.0.1
457 silly fetch manifest js-yaml@^4.1.0
458 silly packumentCache full:https://registry.npmjs.org/js-yaml cache-miss
459 silly fetch manifest @types/json-schema@^7.0.6
460 silly packumentCache full:https://registry.npmjs.org/@types%2fjson-schema cache-miss
461 silly fetch manifest lodash.get@^4.4.2
462 silly packumentCache full:https://registry.npmjs.org/lodash.get cache-miss
463 silly fetch manifest lodash.isequal@^4.5.0
464 silly packumentCache full:https://registry.npmjs.org/lodash.isequal cache-miss
465 silly fetch manifest commander@^9.4.1
466 silly packumentCache full:https://registry.npmjs.org/commander cache-miss
467 http fetch GET 200 https://registry.npmjs.org/commander 23ms (cache hit)
468 silly packumentCache full:https://registry.npmjs.org/commander set size:336656 disposed:false
469 http fetch GET 200 https://registry.npmjs.org/lodash.isequal 241ms (cache miss)
470 silly packumentCache full:https://registry.npmjs.org/lodash.isequal set size:undefined disposed:false
471 http fetch GET 200 https://registry.npmjs.org/lodash.get 252ms (cache miss)
472 silly packumentCache full:https://registry.npmjs.org/lodash.get set size:undefined disposed:false
473 http fetch GET 200 https://registry.npmjs.org/js-yaml 1012ms (cache miss)
474 silly packumentCache full:https://registry.npmjs.org/js-yaml set size:undefined disposed:false
475 http fetch GET 200 https://registry.npmjs.org/@types%2fjson-schema 1052ms (cache miss)
476 silly packumentCache full:https://registry.npmjs.org/@types%2fjson-schema set size:undefined disposed:false
477 silly placeDep ROOT @types/json-schema@7.0.15 OK for: @apidevtools/json-schema-ref-parser@9.1.2 want: ^7.0.6
478 silly placeDep ROOT js-yaml@4.1.0 OK for: @apidevtools/json-schema-ref-parser@9.1.2 want: ^4.1.0
479 silly fetch manifest argparse@^2.0.1
480 silly packumentCache full:https://registry.npmjs.org/argparse cache-miss
481 http fetch GET 200 https://registry.npmjs.org/argparse 404ms (cache miss)
482 silly packumentCache full:https://registry.npmjs.org/argparse set size:undefined disposed:false
483 silly placeDep ROOT argparse@2.0.1 OK for: js-yaml@4.1.0 want: ^2.0.1
484 silly placeDep ROOT swagger-ui-dist@5.20.4 OK for: swagger-ui-express@5.0.1 want: >=5.0.0
485 silly fetch manifest @scarf/scarf@=1.4.0
486 silly packumentCache full:https://registry.npmjs.org/@scarf%2fscarf cache-miss
487 http fetch GET 200 https://registry.npmjs.org/@scarf%2fscarf 537ms (cache miss)
488 silly packumentCache full:https://registry.npmjs.org/@scarf%2fscarf set size:undefined disposed:false
489 silly placeDep ROOT @scarf/scarf@1.4.0 OK for: swagger-ui-dist@5.20.4 want: =1.4.0
490 silly placeDep ROOT media-typer@1.1.0 OK for: type-is@2.0.1 want: ^1.1.0
491 silly placeDep node_modules/z-schema commander@9.5.0 OK for: z-schema@5.0.5 want: ^9.4.1
492 silly placeDep ROOT lodash.get@4.4.2 OK for: z-schema@5.0.5 want: ^4.4.2
493 silly placeDep ROOT lodash.isequal@4.5.0 OK for: z-schema@5.0.5 want: ^4.5.0
494 silly placeDep ROOT fs.realpath@1.0.0 OK for: glob@7.1.6 want: ^1.0.0
495 silly placeDep ROOT inflight@1.0.6 OK for: glob@7.1.6 want: ^1.0.4
496 silly placeDep node_modules/swagger-jsdoc minimatch@3.1.2 OK for: glob@7.1.6 want: ^3.0.4
497 silly placeDep ROOT path-is-absolute@1.0.1 OK for: glob@7.1.6 want: ^1.0.0
498 silly fetch manifest brace-expansion@^1.1.7
499 silly packumentCache full:https://registry.npmjs.org/brace-expansion cache-miss
500 http fetch GET 200 https://registry.npmjs.org/brace-expansion 315ms (cache miss)
501 silly packumentCache full:https://registry.npmjs.org/brace-expansion set size:undefined disposed:false
502 silly placeDep node_modules/swagger-jsdoc brace-expansion@1.1.11 OK for: minimatch@3.1.2 want: ^1.1.7
503 silly fetch manifest concat-map@0.0.1
504 silly packumentCache full:https://registry.npmjs.org/concat-map cache-miss
505 http fetch GET 200 https://registry.npmjs.org/concat-map 256ms (cache miss)
506 silly packumentCache full:https://registry.npmjs.org/concat-map set size:undefined disposed:false
507 silly placeDep ROOT concat-map@0.0.1 OK for: brace-expansion@1.1.11 want: 0.0.1
508 silly reify moves {}
509 silly audit bulk request {
509 silly audit   '@isaacs/cliui': [ '8.0.2' ],
509 silly audit   '@one-ini/wasm': [ '0.1.1' ],
509 silly audit   '@pkgjs/parseargs': [ '0.11.0' ],
509 silly audit   '@types/debug': [ '4.1.12' ],
509 silly audit   '@types/ms': [ '2.1.0' ],
509 silly audit   '@types/node': [ '22.14.0' ],
509 silly audit   '@types/validator': [ '13.12.3' ],
509 silly audit   abbrev: [ '2.0.0' ],
509 silly audit   'ansi-regex': [ '6.1.0', '5.0.1' ],
509 silly audit   'ansi-styles': [ '6.2.1', '4.3.0' ],
509 silly audit   'at-least-node': [ '1.0.0' ],
509 silly audit   'balanced-match': [ '1.0.2' ],
509 silly audit   bluebird: [ '3.7.2' ],
509 silly audit   'brace-expansion': [ '2.0.1', '1.1.11' ],
509 silly audit   'cli-color': [ '2.0.4' ],
509 silly audit   cliui: [ '7.0.4' ],
509 silly audit   'emoji-regex': [ '8.0.0', '9.2.2' ],
509 silly audit   'string-width': [ '4.2.3', '5.1.2' ],
509 silly audit   'strip-ansi': [ '6.0.1', '7.1.0' ],
509 silly audit   'wrap-ansi': [ '7.0.0', '8.1.0' ],
509 silly audit   'color-convert': [ '2.0.1' ],
509 silly audit   'color-name': [ '1.1.4' ],
509 silly audit   commander: [ '10.0.1', '6.2.0', '9.5.0' ],
509 silly audit   'config-chain': [ '1.1.13' ],
509 silly audit   'cross-spawn': [ '7.0.6' ],
509 silly audit   d: [ '1.0.2' ],
509 silly audit   debug: [ '4.4.0' ],
509 silly audit   dottie: [ '2.0.6' ],
509 silly audit   eastasianwidth: [ '0.2.0' ],
509 silly audit   editorconfig: [ '1.0.4' ],
509 silly audit   'es5-ext': [ '0.10.64' ],
509 silly audit   'es6-iterator': [ '2.0.3' ],
509 silly audit   'es6-symbol': [ '3.1.4' ],
509 silly audit   'es6-weak-map': [ '2.0.3' ],
509 silly audit   escalade: [ '3.2.0' ],
509 silly audit   esniff: [ '2.0.1' ],
509 silly audit   'event-emitter': [ '0.3.5' ],
509 silly audit   ext: [ '1.7.0' ],
509 silly audit   'foreground-child': [ '3.3.1' ],
509 silly audit   'fs-extra': [ '9.1.0' ],
509 silly audit   'function-bind': [ '1.1.2' ],
509 silly audit   'get-caller-file': [ '2.0.5' ],
509 silly audit   glob: [ '10.4.5', '7.1.6' ],
509 silly audit   minimatch: [ '9.0.5', '9.0.1', '3.1.2' ],
509 silly audit   'graceful-fs': [ '4.2.11' ],
509 silly audit   hasown: [ '2.0.2' ],
509 silly audit   inflection: [ '1.13.4' ],
509 silly audit   ini: [ '1.3.8' ],
509 silly audit   'is-core-module': [ '2.16.1' ],
509 silly audit   'is-fullwidth-code-point': [ '3.0.0' ],
509 silly audit   'is-promise': [ '2.2.2', '4.0.0' ],
509 silly audit   isexe: [ '2.0.0' ],
509 silly audit   jackspeak: [ '3.4.3' ],
509 silly audit   'js-beautify': [ '1.15.4' ],
509 silly audit   'js-cookie': [ '3.0.5' ],
509 silly audit   jsonfile: [ '6.1.0' ],
509 silly audit   lodash: [ '4.17.21' ],
509 silly audit   'lru-cache': [ '10.4.3' ],
509 silly audit   'lru-queue': [ '0.1.0' ],
509 silly audit   memoizee: [ '0.4.17' ],
509 silly audit   minipass: [ '7.1.2' ],
509 silly audit   moment: [ '2.30.1' ],
509 silly audit   'moment-timezone': [ '0.5.48' ],
509 silly audit   ms: [ '2.1.3' ],
509 silly audit   'next-tick': [ '1.1.0' ],
509 silly audit   nopt: [ '7.2.1' ],
509 silly audit   'package-json-from-dist': [ '1.0.1' ],
509 silly audit   'path-key': [ '3.1.1' ],
509 silly audit   'path-parse': [ '1.0.7' ],
509 silly audit   'path-scurry': [ '1.11.1' ],
509 silly audit   'pg-connection-string': [ '2.7.0' ],
509 silly audit   'proto-list': [ '1.2.4' ],
509 silly audit   'require-directory': [ '2.1.1' ],
509 silly audit   resolve: [ '1.22.10' ],
509 silly audit   'retry-as-promised': [ '7.1.1' ],
509 silly audit   semver: [ '7.7.1' ],
509 silly audit   sequelize: [ '6.37.7' ],
509 silly audit   'sequelize-cli': [ '6.6.2' ],
509 silly audit   'sequelize-pool': [ '7.1.0' ],
509 silly audit   'shebang-command': [ '2.0.0' ],
509 silly audit   'shebang-regex': [ '3.0.0' ],
509 silly audit   'signal-exit': [ '4.1.0' ],
509 silly audit   'supports-preserve-symlinks-flag': [ '1.0.0' ],
509 silly audit   'timers-ext': [ '0.1.8' ],
509 silly audit   'toposort-class': [ '1.0.1' ],
509 silly audit   type: [ '2.7.3' ],
509 silly audit   umzug: [ '2.3.0' ],
509 silly audit   'undici-types': [ '6.21.0' ],
509 silly audit   universalify: [ '2.0.1' ],
509 silly audit   uuid: [ '8.3.2' ],
509 silly audit   validator: [ '13.15.0' ],
509 silly audit   which: [ '2.0.2' ],
509 silly audit   wkx: [ '0.5.0' ],
509 silly audit   y18n: [ '5.0.8' ],
509 silly audit   yargs: [ '16.2.0' ],
509 silly audit   'yargs-parser': [ '20.2.9' ],
509 silly audit   'swagger-jsdoc': [ '6.2.8' ],
509 silly audit   'swagger-ui-express': [ '5.0.1' ],
509 silly audit   express: [ '5.1.0' ],
509 silly audit   accepts: [ '2.0.0' ],
509 silly audit   'body-parser': [ '2.2.0' ],
509 silly audit   'content-disposition': [ '1.0.0' ],
509 silly audit   'content-type': [ '1.0.5' ],
509 silly audit   cookie: [ '0.7.2' ],
509 silly audit   'cookie-signature': [ '1.2.2' ],
509 silly audit   encodeurl: [ '2.0.0' ],
509 silly audit   'escape-html': [ '1.0.3' ],
509 silly audit   etag: [ '1.8.1' ],
509 silly audit   finalhandler: [ '2.1.0' ],
509 silly audit   fresh: [ '2.0.0' ],
509 silly audit   'http-errors': [ '2.0.0' ],
509 silly audit   'merge-descriptors': [ '2.0.0' ],
509 silly audit   'mime-types': [ '3.0.1' ],
509 silly audit   'on-finished': [ '2.4.1' ],
509 silly audit   once: [ '1.4.0' ],
509 silly audit   parseurl: [ '1.3.3' ],
509 silly audit   'proxy-addr': [ '2.0.7' ],
509 silly audit   qs: [ '6.14.0' ],
509 silly audit   'range-parser': [ '1.2.1' ],
509 silly audit   router: [ '2.2.0' ],
509 silly audit   send: [ '1.2.0' ],
509 silly audit   'serve-static': [ '2.2.0' ],
509 silly audit   statuses: [ '2.0.1' ],
509 silly audit   'type-is': [ '2.0.1' ],
509 silly audit   vary: [ '1.1.2' ],
509 silly audit   negotiator: [ '1.0.0' ],
509 silly audit   bytes: [ '3.1.2' ],
509 silly audit   'iconv-lite': [ '0.6.3' ],
509 silly audit   'raw-body': [ '3.0.0' ],
509 silly audit   'safe-buffer': [ '5.2.1' ],
509 silly audit   depd: [ '2.0.0' ],
509 silly audit   inherits: [ '2.0.4' ],
509 silly audit   setprototypeof: [ '1.2.0' ],
509 silly audit   toidentifier: [ '1.0.1' ],
509 silly audit   'safer-buffer': [ '2.1.2' ],
509 silly audit   'mime-db': [ '1.54.0' ],
509 silly audit   'ee-first': [ '1.1.1' ],
509 silly audit   wrappy: [ '1.0.2' ],
509 silly audit   forwarded: [ '0.2.0' ],
509 silly audit   'ipaddr.js': [ '1.9.1' ],
509 silly audit   'side-channel': [ '1.1.0' ],
509 silly audit   unpipe: [ '1.0.0' ],
509 silly audit   'path-to-regexp': [ '8.2.0' ],
509 silly audit   'es-errors': [ '1.3.0' ],
509 silly audit   'object-inspect': [ '1.13.4' ],
509 silly audit   'side-channel-list': [ '1.0.0' ],
509 silly audit   'side-channel-map': [ '1.0.1' ],
509 silly audit   'side-channel-weakmap': [ '1.0.2' ],
509 silly audit   'call-bound': [ '1.0.4' ],
509 silly audit   'get-intrinsic': [ '1.3.0' ],
509 silly audit   'call-bind-apply-helpers': [ '1.0.2' ],
509 silly audit   'es-define-property': [ '1.0.1' ],
509 silly audit   'es-object-atoms': [ '1.1.1' ],
509 silly audit   'get-proto': [ '1.0.1' ],
509 silly audit   gopd: [ '1.2.0' ],
509 silly audit   'has-symbols': [ '1.1.0' ],
509 silly audit   'math-intrinsics': [ '1.1.0' ],
509 silly audit   'dunder-proto': [ '1.0.1' ],
509 silly audit   doctrine: [ '3.0.0' ],
509 silly audit   'lodash.mergewith': [ '4.6.2' ],
509 silly audit   'swagger-parser': [ '10.0.3' ],
509 silly audit   yaml: [ '2.0.0-1' ],
509 silly audit   esutils: [ '2.0.3' ],
509 silly audit   '@apidevtools/swagger-parser': [ '10.0.3' ],
509 silly audit   'openapi-types': [ '12.1.3' ],
509 silly audit   '@apidevtools/json-schema-ref-parser': [ '9.1.2' ],
509 silly audit   '@apidevtools/openapi-schemas': [ '2.1.0' ],
509 silly audit   '@apidevtools/swagger-methods': [ '3.0.2' ],
509 silly audit   '@jsdevtools/ono': [ '7.1.3' ],
509 silly audit   'call-me-maybe': [ '1.0.2' ],
509 silly audit   'z-schema': [ '5.0.5' ],
509 silly audit   '@types/json-schema': [ '7.0.15' ],
509 silly audit   'js-yaml': [ '4.1.0' ],
509 silly audit   argparse: [ '2.0.1' ],
509 silly audit   'swagger-ui-dist': [ '5.20.4' ],
509 silly audit   '@scarf/scarf': [ '1.4.0' ],
509 silly audit   'media-typer': [ '1.1.0' ],
509 silly audit   'lodash.get': [ '4.4.2' ],
509 silly audit   'lodash.isequal': [ '4.5.0' ],
509 silly audit   'fs.realpath': [ '1.0.0' ],
509 silly audit   inflight: [ '1.0.6' ],
509 silly audit   'path-is-absolute': [ '1.0.1' ],
509 silly audit   'concat-map': [ '0.0.1' ]
509 silly audit }
510 silly tarball no local data for concat-map@https://registry.npmjs.org/concat-map/-/concat-map-0.0.1.tgz. Extracting by manifest.
511 silly tarball no local data for path-is-absolute@https://registry.npmjs.org/path-is-absolute/-/path-is-absolute-1.0.1.tgz. Extracting by manifest.
512 silly tarball no local data for lodash.isequal@https://registry.npmjs.org/lodash.isequal/-/lodash.isequal-4.5.0.tgz. Extracting by manifest.
513 silly tarball no local data for fs.realpath@https://registry.npmjs.org/fs.realpath/-/fs.realpath-1.0.0.tgz. Extracting by manifest.
514 silly tarball no local data for inflight@https://registry.npmjs.org/inflight/-/inflight-1.0.6.tgz. Extracting by manifest.
515 silly tarball no local data for media-typer@https://registry.npmjs.org/media-typer/-/media-typer-1.1.0.tgz. Extracting by manifest.
516 silly tarball no local data for swagger-ui-dist@https://registry.npmjs.org/swagger-ui-dist/-/swagger-ui-dist-5.20.4.tgz. Extracting by manifest.
517 silly tarball no local data for lodash.get@https://registry.npmjs.org/lodash.get/-/lodash.get-4.4.2.tgz. Extracting by manifest.
518 silly tarball no local data for @types/json-schema@https://registry.npmjs.org/@types/json-schema/-/json-schema-7.0.15.tgz. Extracting by manifest.
519 silly tarball no local data for @scarf/scarf@https://registry.npmjs.org/@scarf/scarf/-/scarf-1.4.0.tgz. Extracting by manifest.
520 silly tarball no local data for argparse@https://registry.npmjs.org/argparse/-/argparse-2.0.1.tgz. Extracting by manifest.
521 silly tarball no local data for js-yaml@https://registry.npmjs.org/js-yaml/-/js-yaml-4.1.0.tgz. Extracting by manifest.
522 silly tarball no local data for @jsdevtools/ono@https://registry.npmjs.org/@jsdevtools/ono/-/ono-7.1.3.tgz. Extracting by manifest.
523 silly tarball no local data for @apidevtools/openapi-schemas@https://registry.npmjs.org/@apidevtools/openapi-schemas/-/openapi-schemas-2.1.0.tgz. Extracting by manifest.
524 silly tarball no local data for @apidevtools/swagger-parser@https://registry.npmjs.org/@apidevtools/swagger-parser/-/swagger-parser-10.0.3.tgz. Extracting by manifest.
525 silly tarball no local data for call-me-maybe@https://registry.npmjs.org/call-me-maybe/-/call-me-maybe-1.0.2.tgz. Extracting by manifest.
526 silly tarball no local data for z-schema@https://registry.npmjs.org/z-schema/-/z-schema-5.0.5.tgz. Extracting by manifest.
527 silly tarball no local data for @apidevtools/swagger-methods@https://registry.npmjs.org/@apidevtools/swagger-methods/-/swagger-methods-3.0.2.tgz. Extracting by manifest.
528 silly tarball no local data for @apidevtools/json-schema-ref-parser@https://registry.npmjs.org/@apidevtools/json-schema-ref-parser/-/json-schema-ref-parser-9.1.2.tgz. Extracting by manifest.
529 silly tarball no local data for openapi-types@https://registry.npmjs.org/openapi-types/-/openapi-types-12.1.3.tgz. Extracting by manifest.
530 silly tarball no local data for esutils@https://registry.npmjs.org/esutils/-/esutils-2.0.3.tgz. Extracting by manifest.
531 silly tarball no local data for yaml@https://registry.npmjs.org/yaml/-/yaml-2.0.0-1.tgz. Extracting by manifest.
532 silly tarball no local data for swagger-parser@https://registry.npmjs.org/swagger-parser/-/swagger-parser-10.0.3.tgz. Extracting by manifest.
533 silly tarball no local data for lodash.mergewith@https://registry.npmjs.org/lodash.mergewith/-/lodash.mergewith-4.6.2.tgz. Extracting by manifest.
534 silly tarball no local data for doctrine@https://registry.npmjs.org/doctrine/-/doctrine-3.0.0.tgz. Extracting by manifest.
535 silly tarball no local data for dunder-proto@https://registry.npmjs.org/dunder-proto/-/dunder-proto-1.0.1.tgz. Extracting by manifest.
536 silly tarball no local data for math-intrinsics@https://registry.npmjs.org/math-intrinsics/-/math-intrinsics-1.1.0.tgz. Extracting by manifest.
537 silly tarball no local data for has-symbols@https://registry.npmjs.org/has-symbols/-/has-symbols-1.1.0.tgz. Extracting by manifest.
538 silly tarball no local data for gopd@https://registry.npmjs.org/gopd/-/gopd-1.2.0.tgz. Extracting by manifest.
539 silly tarball no local data for get-proto@https://registry.npmjs.org/get-proto/-/get-proto-1.0.1.tgz. Extracting by manifest.
540 silly tarball no local data for es-object-atoms@https://registry.npmjs.org/es-object-atoms/-/es-object-atoms-1.1.1.tgz. Extracting by manifest.
541 silly tarball no local data for call-bind-apply-helpers@https://registry.npmjs.org/call-bind-apply-helpers/-/call-bind-apply-helpers-1.0.2.tgz. Extracting by manifest.
542 silly tarball no local data for es-define-property@https://registry.npmjs.org/es-define-property/-/es-define-property-1.0.1.tgz. Extracting by manifest.
543 silly tarball no local data for side-channel-weakmap@https://registry.npmjs.org/side-channel-weakmap/-/side-channel-weakmap-1.0.2.tgz. Extracting by manifest.
544 silly tarball no local data for call-bound@https://registry.npmjs.org/call-bound/-/call-bound-1.0.4.tgz. Extracting by manifest.
545 silly tarball no local data for get-intrinsic@https://registry.npmjs.org/get-intrinsic/-/get-intrinsic-1.3.0.tgz. Extracting by manifest.
546 silly tarball no local data for side-channel-list@https://registry.npmjs.org/side-channel-list/-/side-channel-list-1.0.0.tgz. Extracting by manifest.
547 silly tarball no local data for side-channel-map@https://registry.npmjs.org/side-channel-map/-/side-channel-map-1.0.1.tgz. Extracting by manifest.
548 silly tarball no local data for object-inspect@https://registry.npmjs.org/object-inspect/-/object-inspect-1.13.4.tgz. Extracting by manifest.
549 silly tarball no local data for path-to-regexp@https://registry.npmjs.org/path-to-regexp/-/path-to-regexp-8.2.0.tgz. Extracting by manifest.
550 silly tarball no local data for es-errors@https://registry.npmjs.org/es-errors/-/es-errors-1.3.0.tgz. Extracting by manifest.
551 silly tarball no local data for unpipe@https://registry.npmjs.org/unpipe/-/unpipe-1.0.0.tgz. Extracting by manifest.
552 silly tarball no local data for side-channel@https://registry.npmjs.org/side-channel/-/side-channel-1.1.0.tgz. Extracting by manifest.
553 silly tarball no local data for ipaddr.js@https://registry.npmjs.org/ipaddr.js/-/ipaddr.js-1.9.1.tgz. Extracting by manifest.
554 silly tarball no local data for forwarded@https://registry.npmjs.org/forwarded/-/forwarded-0.2.0.tgz. Extracting by manifest.
555 silly tarball no local data for ee-first@https://registry.npmjs.org/ee-first/-/ee-first-1.1.1.tgz. Extracting by manifest.
556 silly tarball no local data for wrappy@https://registry.npmjs.org/wrappy/-/wrappy-1.0.2.tgz. Extracting by manifest.
557 silly tarball no local data for mime-db@https://registry.npmjs.org/mime-db/-/mime-db-1.54.0.tgz. Extracting by manifest.
558 silly tarball no local data for setprototypeof@https://registry.npmjs.org/setprototypeof/-/setprototypeof-1.2.0.tgz. Extracting by manifest.
559 silly tarball no local data for safer-buffer@https://registry.npmjs.org/safer-buffer/-/safer-buffer-2.1.2.tgz. Extracting by manifest.
560 silly tarball no local data for toidentifier@https://registry.npmjs.org/toidentifier/-/toidentifier-1.0.1.tgz. Extracting by manifest.
561 silly tarball no local data for inherits@https://registry.npmjs.org/inherits/-/inherits-2.0.4.tgz. Extracting by manifest.
562 silly tarball no local data for depd@https://registry.npmjs.org/depd/-/depd-2.0.0.tgz. Extracting by manifest.
563 silly tarball no local data for raw-body@https://registry.npmjs.org/raw-body/-/raw-body-3.0.0.tgz. Extracting by manifest.
564 silly tarball no local data for iconv-lite@https://registry.npmjs.org/iconv-lite/-/iconv-lite-0.6.3.tgz. Extracting by manifest.
565 silly tarball no local data for safe-buffer@https://registry.npmjs.org/safe-buffer/-/safe-buffer-5.2.1.tgz. Extracting by manifest.
566 silly tarball no local data for bytes@https://registry.npmjs.org/bytes/-/bytes-3.1.2.tgz. Extracting by manifest.
567 silly tarball no local data for vary@https://registry.npmjs.org/vary/-/vary-1.1.2.tgz. Extracting by manifest.
568 silly tarball no local data for negotiator@https://registry.npmjs.org/negotiator/-/negotiator-1.0.0.tgz. Extracting by manifest.
569 silly tarball no local data for statuses@https://registry.npmjs.org/statuses/-/statuses-2.0.1.tgz. Extracting by manifest.
570 silly tarball no local data for type-is@https://registry.npmjs.org/type-is/-/type-is-2.0.1.tgz. Extracting by manifest.
571 silly tarball no local data for serve-static@https://registry.npmjs.org/serve-static/-/serve-static-2.2.0.tgz. Extracting by manifest.
572 silly tarball no local data for send@https://registry.npmjs.org/send/-/send-1.2.0.tgz. Extracting by manifest.
573 silly tarball no local data for router@https://registry.npmjs.org/router/-/router-2.2.0.tgz. Extracting by manifest.
574 silly tarball no local data for range-parser@https://registry.npmjs.org/range-parser/-/range-parser-1.2.1.tgz. Extracting by manifest.
575 silly tarball no local data for proxy-addr@https://registry.npmjs.org/proxy-addr/-/proxy-addr-2.0.7.tgz. Extracting by manifest.
576 silly tarball no local data for qs@https://registry.npmjs.org/qs/-/qs-6.14.0.tgz. Extracting by manifest.
577 silly tarball no local data for once@https://registry.npmjs.org/once/-/once-1.4.0.tgz. Extracting by manifest.
578 silly tarball no local data for parseurl@https://registry.npmjs.org/parseurl/-/parseurl-1.3.3.tgz. Extracting by manifest.
579 silly tarball no local data for on-finished@https://registry.npmjs.org/on-finished/-/on-finished-2.4.1.tgz. Extracting by manifest.
580 silly tarball no local data for mime-types@https://registry.npmjs.org/mime-types/-/mime-types-3.0.1.tgz. Extracting by manifest.
581 silly tarball no local data for merge-descriptors@https://registry.npmjs.org/merge-descriptors/-/merge-descriptors-2.0.0.tgz. Extracting by manifest.
582 silly tarball no local data for http-errors@https://registry.npmjs.org/http-errors/-/http-errors-2.0.0.tgz. Extracting by manifest.
583 silly tarball no local data for fresh@https://registry.npmjs.org/fresh/-/fresh-2.0.0.tgz. Extracting by manifest.
584 silly tarball no local data for finalhandler@https://registry.npmjs.org/finalhandler/-/finalhandler-2.1.0.tgz. Extracting by manifest.
585 silly tarball no local data for etag@https://registry.npmjs.org/etag/-/etag-1.8.1.tgz. Extracting by manifest.
586 silly tarball no local data for escape-html@https://registry.npmjs.org/escape-html/-/escape-html-1.0.3.tgz. Extracting by manifest.
587 silly tarball no local data for encodeurl@https://registry.npmjs.org/encodeurl/-/encodeurl-2.0.0.tgz. Extracting by manifest.
588 silly tarball no local data for cookie-signature@https://registry.npmjs.org/cookie-signature/-/cookie-signature-1.2.2.tgz. Extracting by manifest.
589 silly tarball no local data for cookie@https://registry.npmjs.org/cookie/-/cookie-0.7.2.tgz. Extracting by manifest.
590 silly tarball no local data for body-parser@https://registry.npmjs.org/body-parser/-/body-parser-2.2.0.tgz. Extracting by manifest.
591 silly tarball no local data for accepts@https://registry.npmjs.org/accepts/-/accepts-2.0.0.tgz. Extracting by manifest.
592 silly tarball no local data for express@https://registry.npmjs.org/express/-/express-5.1.0.tgz. Extracting by manifest.
593 silly tarball no local data for swagger-jsdoc@https://registry.npmjs.org/swagger-jsdoc/-/swagger-jsdoc-6.2.8.tgz. Extracting by manifest.
594 silly tarball no local data for swagger-ui-express@https://registry.npmjs.org/swagger-ui-express/-/swagger-ui-express-5.0.1.tgz. Extracting by manifest.
595 silly tarball no local data for is-promise@https://registry.npmjs.org/is-promise/-/is-promise-4.0.0.tgz. Extracting by manifest.
596 silly tarball no local data for commander@https://registry.npmjs.org/commander/-/commander-9.5.0.tgz. Extracting by manifest.
597 silly tarball no local data for brace-expansion@https://registry.npmjs.org/brace-expansion/-/brace-expansion-1.1.11.tgz. Extracting by manifest.
598 silly tarball no local data for commander@https://registry.npmjs.org/commander/-/commander-6.2.0.tgz. Extracting by manifest.
599 silly tarball no local data for minimatch@https://registry.npmjs.org/minimatch/-/minimatch-3.1.2.tgz. Extracting by manifest.
600 silly tarball no local data for content-disposition@https://registry.npmjs.org/content-disposition/-/content-disposition-1.0.0.tgz. Extracting by manifest.
601 silly tarball no local data for content-type@https://registry.npmjs.org/content-type/-/content-type-1.0.5.tgz. Extracting by manifest.
602 silly tarball no local data for glob@https://registry.npmjs.org/glob/-/glob-7.1.6.tgz. Extracting by manifest.
603 http fetch GET 200 https://registry.npmjs.org/fs.realpath/-/fs.realpath-1.0.0.tgz 494ms (cache miss)
604 http fetch GET 200 https://registry.npmjs.org/inflight/-/inflight-1.0.6.tgz 496ms (cache miss)
605 warn deprecated inflight@1.0.6: This module is not supported, and leaks memory. Do not use it. Check out lru-cache if you want a good and tested way to coalesce async requests by a key value, which is much more comprehensive and powerful.
606 http fetch GET 200 https://registry.npmjs.org/lodash.isequal/-/lodash.isequal-4.5.0.tgz 622ms (cache miss)
607 warn deprecated lodash.isequal@4.5.0: This package is deprecated. Use require('node:util').isDeepStrictEqual instead.
608 http fetch GET 200 https://registry.npmjs.org/@types/json-schema/-/json-schema-7.0.15.tgz 618ms (cache miss)
609 http fetch GET 200 https://registry.npmjs.org/media-typer/-/media-typer-1.1.0.tgz 667ms (cache miss)
610 http fetch POST 200 https://registry.npmjs.org/-/npm/v1/security/advisories/bulk 734ms
611 silly audit report {}
612 http fetch GET 200 https://registry.npmjs.org/call-me-maybe/-/call-me-maybe-1.0.2.tgz 667ms (cache miss)
613 http fetch GET 200 https://registry.npmjs.org/@scarf/scarf/-/scarf-1.4.0.tgz 679ms (cache miss)
614 http fetch GET 200 https://registry.npmjs.org/@apidevtools/swagger-methods/-/swagger-methods-3.0.2.tgz 909ms (cache miss)
615 http fetch GET 200 https://registry.npmjs.org/concat-map/-/concat-map-0.0.1.tgz 1058ms (cache miss)
616 http fetch GET 200 https://registry.npmjs.org/lodash.get/-/lodash.get-4.4.2.tgz 1109ms (cache miss)
617 warn deprecated lodash.get@4.4.2: This package is deprecated. Use the optional chaining (?.) operator instead.
618 http fetch GET 200 https://registry.npmjs.org/path-is-absolute/-/path-is-absolute-1.0.1.tgz 1131ms (cache miss)
619 http fetch GET 200 https://registry.npmjs.org/openapi-types/-/openapi-types-12.1.3.tgz 1134ms (cache miss)
620 http fetch GET 200 https://registry.npmjs.org/@jsdevtools/ono/-/ono-7.1.3.tgz 1282ms (cache miss)
621 http fetch GET 200 https://registry.npmjs.org/lodash.mergewith/-/lodash.mergewith-4.6.2.tgz 1320ms (cache miss)
622 http fetch GET 200 https://registry.npmjs.org/argparse/-/argparse-2.0.1.tgz 1371ms (cache miss)
623 http fetch GET 200 https://registry.npmjs.org/swagger-parser/-/swagger-parser-10.0.3.tgz 1384ms (cache miss)
624 http fetch GET 200 https://registry.npmjs.org/has-symbols/-/has-symbols-1.1.0.tgz 1408ms (cache miss)
625 http fetch GET 200 https://registry.npmjs.org/math-intrinsics/-/math-intrinsics-1.1.0.tgz 1481ms (cache miss)
626 http fetch GET 200 https://registry.npmjs.org/esutils/-/esutils-2.0.3.tgz 1491ms (cache miss)
627 http fetch GET 200 https://registry.npmjs.org/gopd/-/gopd-1.2.0.tgz 1588ms (cache miss)
628 http fetch GET 200 https://registry.npmjs.org/doctrine/-/doctrine-3.0.0.tgz 1619ms (cache miss)
629 http fetch GET 200 https://registry.npmjs.org/@apidevtools/json-schema-ref-parser/-/json-schema-ref-parser-9.1.2.tgz 1630ms (cache miss)
630 http fetch GET 200 https://registry.npmjs.org/@apidevtools/swagger-parser/-/swagger-parser-10.0.3.tgz 1646ms (cache miss)
631 http fetch GET 200 https://registry.npmjs.org/es-define-property/-/es-define-property-1.0.1.tgz 1716ms (cache miss)
632 http fetch GET 200 https://registry.npmjs.org/es-object-atoms/-/es-object-atoms-1.1.1.tgz 1728ms (cache miss)
633 http fetch GET 200 https://registry.npmjs.org/call-bound/-/call-bound-1.0.4.tgz 2010ms (cache miss)
634 http fetch GET 200 https://registry.npmjs.org/get-intrinsic/-/get-intrinsic-1.3.0.tgz 2043ms (cache miss)
635 http fetch GET 200 https://registry.npmjs.org/side-channel-map/-/side-channel-map-1.0.1.tgz 2072ms (cache miss)
636 http fetch GET 200 https://registry.npmjs.org/es-errors/-/es-errors-1.3.0.tgz 2207ms (cache miss)
637 http fetch GET 200 https://registry.npmjs.org/yaml/-/yaml-2.0.0-1.tgz 2254ms (cache miss)
638 http fetch GET 200 https://registry.npmjs.org/call-bind-apply-helpers/-/call-bind-apply-helpers-1.0.2.tgz 2270ms (cache miss)
639 http fetch GET 200 https://registry.npmjs.org/unpipe/-/unpipe-1.0.0.tgz 2265ms (cache miss)
640 http fetch GET 200 https://registry.npmjs.org/js-yaml/-/js-yaml-4.1.0.tgz 2365ms (cache miss)
641 http fetch GET 200 https://registry.npmjs.org/get-proto/-/get-proto-1.0.1.tgz 2350ms (cache miss)
642 http fetch GET 200 https://registry.npmjs.org/dunder-proto/-/dunder-proto-1.0.1.tgz 2357ms (cache miss)
643 http fetch GET 200 https://registry.npmjs.org/forwarded/-/forwarded-0.2.0.tgz 2433ms (cache miss)
644 http fetch GET 200 https://registry.npmjs.org/ee-first/-/ee-first-1.1.1.tgz 2464ms (cache miss)
645 http fetch GET 200 https://registry.npmjs.org/ipaddr.js/-/ipaddr.js-1.9.1.tgz 2521ms (cache miss)
646 http fetch GET 200 https://registry.npmjs.org/side-channel/-/side-channel-1.1.0.tgz 2539ms (cache miss)
647 http fetch GET 200 https://registry.npmjs.org/wrappy/-/wrappy-1.0.2.tgz 2535ms (cache miss)
648 http fetch GET 200 https://registry.npmjs.org/path-to-regexp/-/path-to-regexp-8.2.0.tgz 2548ms (cache miss)
649 http fetch GET 200 https://registry.npmjs.org/setprototypeof/-/setprototypeof-1.2.0.tgz 2564ms (cache miss)
650 http fetch GET 200 https://registry.npmjs.org/side-channel-list/-/side-channel-list-1.0.0.tgz 2595ms (cache miss)
651 http fetch GET 200 https://registry.npmjs.org/toidentifier/-/toidentifier-1.0.1.tgz 2718ms (cache miss)
652 http fetch GET 200 https://registry.npmjs.org/inherits/-/inherits-2.0.4.tgz 2827ms (cache miss)
653 http fetch GET 200 https://registry.npmjs.org/bytes/-/bytes-3.1.2.tgz 2825ms (cache miss)
654 http fetch GET 200 https://registry.npmjs.org/raw-body/-/raw-body-3.0.0.tgz 2845ms (cache miss)
655 http fetch GET 200 https://registry.npmjs.org/negotiator/-/negotiator-1.0.0.tgz 2994ms (cache miss)
656 http fetch GET 200 https://registry.npmjs.org/depd/-/depd-2.0.0.tgz 3028ms (cache miss)
657 http fetch GET 200 https://registry.npmjs.org/mime-db/-/mime-db-1.54.0.tgz 3032ms (cache miss)
658 http fetch GET 200 https://registry.npmjs.org/vary/-/vary-1.1.2.tgz 3035ms (cache miss)
659 http fetch GET 200 https://registry.npmjs.org/side-channel-weakmap/-/side-channel-weakmap-1.0.2.tgz 3077ms (cache miss)
660 http fetch GET 200 https://registry.npmjs.org/safe-buffer/-/safe-buffer-5.2.1.tgz 3200ms (cache miss)
661 http fetch GET 200 https://registry.npmjs.org/serve-static/-/serve-static-2.2.0.tgz 3210ms (cache miss)
662 http fetch GET 200 https://registry.npmjs.org/proxy-addr/-/proxy-addr-2.0.7.tgz 3223ms (cache miss)
663 http fetch GET 200 https://registry.npmjs.org/@apidevtools/openapi-schemas/-/openapi-schemas-2.1.0.tgz 3349ms (cache miss)
664 http fetch GET 200 https://registry.npmjs.org/parseurl/-/parseurl-1.3.3.tgz 3373ms (cache miss)
665 http fetch GET 200 https://registry.npmjs.org/once/-/once-1.4.0.tgz 3397ms (cache miss)
666 http fetch GET 200 https://registry.npmjs.org/send/-/send-1.2.0.tgz 3436ms (cache miss)
667 http fetch GET 200 https://registry.npmjs.org/mime-types/-/mime-types-3.0.1.tgz 3441ms (cache miss)
668 http fetch GET 200 https://registry.npmjs.org/range-parser/-/range-parser-1.2.1.tgz 3451ms (cache miss)
669 http fetch GET 200 https://registry.npmjs.org/object-inspect/-/object-inspect-1.13.4.tgz 3539ms (cache miss)
670 http fetch GET 200 https://registry.npmjs.org/merge-descriptors/-/merge-descriptors-2.0.0.tgz 3585ms (cache miss)
671 http fetch GET 200 https://registry.npmjs.org/fresh/-/fresh-2.0.0.tgz 3653ms (cache miss)
672 http fetch GET 200 https://registry.npmjs.org/finalhandler/-/finalhandler-2.1.0.tgz 3663ms (cache miss)
673 http fetch GET 200 https://registry.npmjs.org/statuses/-/statuses-2.0.1.tgz 3682ms (cache miss)
674 http fetch GET 200 https://registry.npmjs.org/escape-html/-/escape-html-1.0.3.tgz 3747ms (cache miss)
675 http fetch GET 200 https://registry.npmjs.org/type-is/-/type-is-2.0.1.tgz 3785ms (cache miss)
676 http fetch GET 200 https://registry.npmjs.org/safer-buffer/-/safer-buffer-2.1.2.tgz 3849ms (cache miss)
677 http fetch GET 200 https://registry.npmjs.org/on-finished/-/on-finished-2.4.1.tgz 3853ms (cache miss)
678 http fetch GET 200 https://registry.npmjs.org/http-errors/-/http-errors-2.0.0.tgz 3851ms (cache miss)
679 http fetch GET 200 https://registry.npmjs.org/etag/-/etag-1.8.1.tgz 3866ms (cache miss)
680 http fetch GET 200 https://registry.npmjs.org/body-parser/-/body-parser-2.2.0.tgz 4043ms (cache miss)
681 http fetch GET 200 https://registry.npmjs.org/is-promise/-/is-promise-4.0.0.tgz 4092ms (cache miss)
682 http fetch GET 200 https://registry.npmjs.org/cookie-signature/-/cookie-signature-1.2.2.tgz 4198ms (cache miss)
683 http fetch GET 200 https://registry.npmjs.org/brace-expansion/-/brace-expansion-1.1.11.tgz 4285ms (cache miss)
684 http fetch GET 200 https://registry.npmjs.org/express/-/express-5.1.0.tgz 4303ms (cache miss)
685 http fetch GET 200 https://registry.npmjs.org/router/-/router-2.2.0.tgz 4327ms (cache miss)
686 http fetch GET 200 https://registry.npmjs.org/cookie/-/cookie-0.7.2.tgz 4413ms (cache miss)
687 http fetch GET 200 https://registry.npmjs.org/qs/-/qs-6.14.0.tgz 4538ms (cache miss)
688 http fetch GET 200 https://registry.npmjs.org/content-type/-/content-type-1.0.5.tgz 4735ms (cache miss)
689 http fetch GET 200 https://registry.npmjs.org/accepts/-/accepts-2.0.0.tgz 4826ms (cache miss)
690 http fetch GET 200 https://registry.npmjs.org/content-disposition/-/content-disposition-1.0.0.tgz 4868ms (cache miss)
691 http fetch GET 200 https://registry.npmjs.org/swagger-ui-express/-/swagger-ui-express-5.0.1.tgz 4904ms (cache miss)
692 http fetch GET 200 https://registry.npmjs.org/minimatch/-/minimatch-3.1.2.tgz 5283ms (cache miss)
693 http fetch GET 200 https://registry.npmjs.org/glob/-/glob-7.1.6.tgz 5354ms (cache miss)
694 warn deprecated glob@7.1.6: Glob versions prior to v9 are no longer supported
695 http fetch GET 200 https://registry.npmjs.org/commander/-/commander-6.2.0.tgz 5934ms (cache miss)
696 http fetch GET 200 https://registry.npmjs.org/encodeurl/-/encodeurl-2.0.0.tgz 6582ms (cache miss)
697 http fetch GET 200 https://registry.npmjs.org/commander/-/commander-9.5.0.tgz 6621ms (cache miss)
698 http fetch GET 200 https://registry.npmjs.org/z-schema/-/z-schema-5.0.5.tgz 7951ms (cache miss)
699 http fetch GET 200 https://registry.npmjs.org/iconv-lite/-/iconv-lite-0.6.3.tgz 9592ms (cache miss)
700 http fetch GET 200 https://registry.npmjs.org/swagger-ui-dist/-/swagger-ui-dist-5.20.4.tgz 10692ms (cache miss)
701 http fetch GET 200 https://registry.npmjs.org/swagger-jsdoc/-/swagger-jsdoc-6.2.8.tgz 11646ms (cache miss)
702 info run @scarf/scarf@1.4.0 postinstall node_modules/@scarf/scarf node ./report.js
703 info run @scarf/scarf@1.4.0 postinstall { code: 0, signal: null }
704 silly ADD node_modules/concat-map
705 silly ADD node_modules/path-is-absolute
706 silly ADD node_modules/inflight
707 silly ADD node_modules/fs.realpath
708 silly ADD node_modules/lodash.isequal
709 silly ADD node_modules/lodash.get
710 silly ADD node_modules/media-typer
711 silly ADD node_modules/@scarf/scarf
712 silly ADD node_modules/swagger-ui-dist
713 silly ADD node_modules/argparse
714 silly ADD node_modules/js-yaml
715 silly ADD node_modules/@types/json-schema
716 silly ADD node_modules/z-schema
717 silly ADD node_modules/z-schema/node_modules/commander
718 silly ADD node_modules/call-me-maybe
719 silly ADD node_modules/@jsdevtools/ono
720 silly ADD node_modules/@apidevtools/swagger-methods
721 silly ADD node_modules/@apidevtools/openapi-schemas
722 silly ADD node_modules/@apidevtools/json-schema-ref-parser
723 silly ADD node_modules/openapi-types
724 silly ADD node_modules/@apidevtools/swagger-parser
725 silly ADD node_modules/esutils
726 silly ADD node_modules/yaml
727 silly ADD node_modules/swagger-parser
728 silly ADD node_modules/lodash.mergewith
729 silly ADD node_modules/doctrine
730 silly ADD node_modules/dunder-proto
731 silly ADD node_modules/math-intrinsics
732 silly ADD node_modules/has-symbols
733 silly ADD node_modules/gopd
734 silly ADD node_modules/get-proto
735 silly ADD node_modules/es-object-atoms
736 silly ADD node_modules/es-define-property
737 silly ADD node_modules/call-bind-apply-helpers
738 silly ADD node_modules/get-intrinsic
739 silly ADD node_modules/call-bound
740 silly ADD node_modules/side-channel-weakmap
741 silly ADD node_modules/side-channel-map
742 silly ADD node_modules/side-channel-list
743 silly ADD node_modules/object-inspect
744 silly ADD node_modules/es-errors
745 silly ADD node_modules/path-to-regexp
746 silly ADD node_modules/unpipe
747 silly ADD node_modules/side-channel
748 silly ADD node_modules/ipaddr.js
749 silly ADD node_modules/forwarded
750 silly ADD node_modules/wrappy
751 silly ADD node_modules/ee-first
752 silly ADD node_modules/mime-db
753 silly ADD node_modules/safer-buffer
754 silly ADD node_modules/toidentifier
755 silly ADD node_modules/setprototypeof
756 silly ADD node_modules/inherits
757 silly ADD node_modules/depd
758 silly ADD node_modules/safe-buffer
759 silly ADD node_modules/raw-body
760 silly ADD node_modules/iconv-lite
761 silly ADD node_modules/bytes
762 silly ADD node_modules/negotiator
763 silly ADD node_modules/vary
764 silly ADD node_modules/type-is
765 silly ADD node_modules/statuses
766 silly ADD node_modules/serve-static
767 silly ADD node_modules/send
768 silly ADD node_modules/router
769 silly ADD node_modules/router/node_modules/is-promise
770 silly ADD node_modules/range-parser
771 silly ADD node_modules/qs
772 silly ADD node_modules/proxy-addr
773 silly ADD node_modules/parseurl
774 silly ADD node_modules/once
775 silly ADD node_modules/on-finished
776 silly ADD node_modules/mime-types
777 silly ADD node_modules/merge-descriptors
778 silly ADD node_modules/http-errors
779 silly ADD node_modules/fresh
780 silly ADD node_modules/finalhandler
781 silly ADD node_modules/etag
782 silly ADD node_modules/escape-html
783 silly ADD node_modules/encodeurl
784 silly ADD node_modules/cookie-signature
785 silly ADD node_modules/cookie
786 silly ADD node_modules/content-type
787 silly ADD node_modules/content-disposition
788 silly ADD node_modules/body-parser
789 silly ADD node_modules/accepts
790 silly ADD node_modules/express
791 silly ADD node_modules/swagger-ui-express
792 silly ADD node_modules/swagger-jsdoc
793 silly ADD node_modules/swagger-jsdoc/node_modules/brace-expansion
794 silly ADD node_modules/swagger-jsdoc/node_modules/minimatch
795 silly ADD node_modules/swagger-jsdoc/node_modules/glob
796 silly ADD node_modules/swagger-jsdoc/node_modules/commander
797 verbose cwd D:\Documents\Github\RiseAcademy Backend\CaseFiles API
798 verbose os Windows_NT 10.0.22000
799 verbose node v20.17.0
800 verbose npm  v10.8.2
801 notice
801 notice New [31mmajor[39m version of npm available! [31m10.8.2[39m -> [34m11.2.0[39m
801 notice Changelog: [34mhttps://github.com/npm/cli/releases/tag/v11.2.0[39m
801 notice To update run: [4mnpm install -g npm@11.2.0[24m
801 notice  { force: true, [Symbol(proc-log.meta)]: true }
802 verbose exit 0
803 info ok
